{"C:\\Users\\dikya\\Downloads\\Hactiv8\\Project Phase 3\\Backend\\app.js": {"path":"C:\\Users\\dikya\\Downloads\\Hactiv8\\Project Phase 3\\Backend\\app.js","statementMap":{"0":{"start":{"line":1,"column":0},"end":{"line":1,"column":26}},"1":{"start":{"line":2,"column":16},"end":{"line":2,"column":34}},"2":{"start":{"line":3,"column":12},"end":{"line":3,"column":21}},"3":{"start":{"line":4,"column":13},"end":{"line":4,"column":17}},"4":{"start":{"line":5,"column":15},"end":{"line":5,"column":41}},"5":{"start":{"line":6,"column":13},"end":{"line":6,"column":28}},"6":{"start":{"line":7,"column":21},"end":{"line":7,"column":58}},"7":{"start":{"line":9,"column":0},"end":{"line":9,"column":15}},"8":{"start":{"line":10,"column":0},"end":{"line":10,"column":46}},"9":{"start":{"line":11,"column":0},"end":{"line":11,"column":23}},"10":{"start":{"line":12,"column":0},"end":{"line":12,"column":15}},"11":{"start":{"line":14,"column":0},"end":{"line":14,"column":21}},"12":{"start":{"line":20,"column":0},"end":{"line":20,"column":20}}},"fnMap":{},"branchMap":{},"s":{"0":6,"1":6,"2":6,"3":6,"4":6,"5":6,"6":6,"7":6,"8":6,"9":6,"10":6,"11":6,"12":6},"f":{},"b":{},"_coverageSchema":"1a1c01bbd47fc00a2c39e90264f33305004495a9","hash":"1ea3d0ce0d20c710cf3f89766f8d58793d7d87af"}
,"C:\\Users\\dikya\\Downloads\\Hactiv8\\Project Phase 3\\Backend\\config\\redis.js": {"path":"C:\\Users\\dikya\\Downloads\\Hactiv8\\Project Phase 3\\Backend\\config\\redis.js","statementMap":{"0":{"start":{"line":1,"column":14},"end":{"line":1,"column":32}},"1":{"start":{"line":2,"column":22},"end":{"line":2,"column":77}},"2":{"start":{"line":4,"column":14},"end":{"line":10,"column":2}},"3":{"start":{"line":12,"column":0},"end":{"line":12,"column":23}}},"fnMap":{},"branchMap":{"0":{"loc":{"start":{"line":2,"column":22},"end":{"line":2,"column":77}},"type":"binary-expr","locations":[{"start":{"line":2,"column":22},"end":{"line":2,"column":39}},{"start":{"line":2,"column":43},"end":{"line":2,"column":77}}],"line":2}},"s":{"0":6,"1":6,"2":6,"3":6},"f":{},"b":{"0":[6,6]},"_coverageSchema":"1a1c01bbd47fc00a2c39e90264f33305004495a9","hash":"1a5053785c983b71eca7a599afe7531472d05ff8"}
,"C:\\Users\\dikya\\Downloads\\Hactiv8\\Project Phase 3\\Backend\\controllers\\controllerAdmin.js": {"path":"C:\\Users\\dikya\\Downloads\\Hactiv8\\Project Phase 3\\Backend\\controllers\\controllerAdmin.js","statementMap":{"0":{"start":{"line":1,"column":38},"end":{"line":1,"column":66}},"1":{"start":{"line":2,"column":22},"end":{"line":2,"column":47}},"2":{"start":{"line":3,"column":31},"end":{"line":3,"column":51}},"3":{"start":{"line":9,"column":6},"end":{"line":25,"column":7}},"4":{"start":{"line":11,"column":50},"end":{"line":11,"column":58}},"5":{"start":{"line":13,"column":22},"end":{"line":13,"column":29}},"6":{"start":{"line":14,"column":22},"end":{"line":14,"column":79}},"7":{"start":{"line":16,"column":25},"end":{"line":19,"column":10}},"8":{"start":{"line":21,"column":9},"end":{"line":21,"column":72}},"9":{"start":{"line":24,"column":9},"end":{"line":24,"column":20}},"10":{"start":{"line":34,"column":6},"end":{"line":64,"column":7}},"11":{"start":{"line":36,"column":35},"end":{"line":36,"column":43}},"12":{"start":{"line":38,"column":22},"end":{"line":42,"column":11}},"13":{"start":{"line":44,"column":9},"end":{"line":46,"column":10}},"14":{"start":{"line":45,"column":12},"end":{"line":45,"column":50}},"15":{"start":{"line":48,"column":26},"end":{"line":48,"column":62}},"16":{"start":{"line":50,"column":9},"end":{"line":52,"column":10}},"17":{"start":{"line":51,"column":12},"end":{"line":51,"column":50}},"18":{"start":{"line":54,"column":25},"end":{"line":56,"column":10}},"19":{"start":{"line":58,"column":30},"end":{"line":58,"column":48}},"20":{"start":{"line":60,"column":9},"end":{"line":60,"column":45}},"21":{"start":{"line":63,"column":9},"end":{"line":63,"column":20}},"22":{"start":{"line":70,"column":6},"end":{"line":80,"column":7}},"23":{"start":{"line":72,"column":24},"end":{"line":72,"column":32}},"24":{"start":{"line":74,"column":9},"end":{"line":74,"column":38}},"25":{"start":{"line":76,"column":9},"end":{"line":76,"column":75}},"26":{"start":{"line":79,"column":9},"end":{"line":79,"column":20}},"27":{"start":{"line":87,"column":6},"end":{"line":97,"column":7}},"28":{"start":{"line":89,"column":22},"end":{"line":91,"column":11}},"29":{"start":{"line":93,"column":9},"end":{"line":93,"column":35}},"30":{"start":{"line":96,"column":9},"end":{"line":96,"column":20}},"31":{"start":{"line":102,"column":6},"end":{"line":127,"column":7}},"32":{"start":{"line":104,"column":22},"end":{"line":104,"column":32}},"33":{"start":{"line":106,"column":23},"end":{"line":110,"column":11}},"34":{"start":{"line":112,"column":9},"end":{"line":114,"column":10}},"35":{"start":{"line":113,"column":12},"end":{"line":113,"column":49}},"36":{"start":{"line":116,"column":9},"end":{"line":120,"column":11}},"37":{"start":{"line":122,"column":9},"end":{"line":122,"column":83}},"38":{"start":{"line":126,"column":9},"end":{"line":126,"column":20}},"39":{"start":{"line":133,"column":6},"end":{"line":163,"column":7}},"40":{"start":{"line":135,"column":22},"end":{"line":135,"column":32}},"41":{"start":{"line":136,"column":24},"end":{"line":136,"column":32}},"42":{"start":{"line":138,"column":9},"end":{"line":140,"column":10}},"43":{"start":{"line":139,"column":12},"end":{"line":139,"column":64}},"44":{"start":{"line":142,"column":23},"end":{"line":146,"column":11}},"45":{"start":{"line":148,"column":9},"end":{"line":150,"column":10}},"46":{"start":{"line":149,"column":12},"end":{"line":149,"column":49}},"47":{"start":{"line":152,"column":9},"end":{"line":156,"column":11}},"48":{"start":{"line":158,"column":9},"end":{"line":158,"column":83}},"49":{"start":{"line":162,"column":9},"end":{"line":162,"column":20}},"50":{"start":{"line":169,"column":6},"end":{"line":195,"column":7}},"51":{"start":{"line":177,"column":13},"end":{"line":177,"column":21}},"52":{"start":{"line":179,"column":9},"end":{"line":182,"column":10}},"53":{"start":{"line":181,"column":12},"end":{"line":181,"column":70}},"54":{"start":{"line":184,"column":9},"end":{"line":187,"column":10}},"55":{"start":{"line":186,"column":12},"end":{"line":186,"column":73}},"56":{"start":{"line":189,"column":9},"end":{"line":189,"column":107}},"57":{"start":{"line":191,"column":9},"end":{"line":191,"column":64}},"58":{"start":{"line":194,"column":9},"end":{"line":194,"column":20}},"59":{"start":{"line":203,"column":6},"end":{"line":216,"column":7}},"60":{"start":{"line":205,"column":22},"end":{"line":210,"column":11}},"61":{"start":{"line":212,"column":9},"end":{"line":212,"column":35}},"62":{"start":{"line":215,"column":9},"end":{"line":215,"column":20}},"63":{"start":{"line":223,"column":6},"end":{"line":250,"column":7}},"64":{"start":{"line":225,"column":22},"end":{"line":225,"column":32}},"65":{"start":{"line":227,"column":9},"end":{"line":227,"column":62}},"66":{"start":{"line":229,"column":23},"end":{"line":233,"column":11}},"67":{"start":{"line":235,"column":9},"end":{"line":237,"column":10}},"68":{"start":{"line":236,"column":12},"end":{"line":236,"column":45}},"69":{"start":{"line":239,"column":9},"end":{"line":243,"column":11}},"70":{"start":{"line":245,"column":9},"end":{"line":245,"column":79}},"71":{"start":{"line":249,"column":9},"end":{"line":249,"column":20}},"72":{"start":{"line":257,"column":6},"end":{"line":299,"column":7}},"73":{"start":{"line":259,"column":22},"end":{"line":259,"column":32}},"74":{"start":{"line":267,"column":13},"end":{"line":267,"column":21}},"75":{"start":{"line":269,"column":9},"end":{"line":272,"column":10}},"76":{"start":{"line":271,"column":12},"end":{"line":271,"column":70}},"77":{"start":{"line":274,"column":9},"end":{"line":277,"column":10}},"78":{"start":{"line":276,"column":12},"end":{"line":276,"column":73}},"79":{"start":{"line":279,"column":23},"end":{"line":283,"column":11}},"80":{"start":{"line":285,"column":9},"end":{"line":287,"column":10}},"81":{"start":{"line":286,"column":12},"end":{"line":286,"column":45}},"82":{"start":{"line":289,"column":9},"end":{"line":293,"column":11}},"83":{"start":{"line":295,"column":9},"end":{"line":295,"column":79}},"84":{"start":{"line":298,"column":9},"end":{"line":298,"column":20}},"85":{"start":{"line":304,"column":0},"end":{"line":304,"column":32}}},"fnMap":{"0":{"name":"(anonymous_0)","decl":{"start":{"line":7,"column":3},"end":{"line":7,"column":4}},"loc":{"start":{"line":7,"column":40},"end":{"line":26,"column":4}},"line":7},"1":{"name":"(anonymous_1)","decl":{"start":{"line":31,"column":3},"end":{"line":31,"column":4}},"loc":{"start":{"line":31,"column":37},"end":{"line":65,"column":4}},"line":31},"2":{"name":"(anonymous_2)","decl":{"start":{"line":68,"column":3},"end":{"line":68,"column":4}},"loc":{"start":{"line":68,"column":48},"end":{"line":82,"column":4}},"line":68},"3":{"name":"(anonymous_3)","decl":{"start":{"line":85,"column":3},"end":{"line":85,"column":4}},"loc":{"start":{"line":85,"column":44},"end":{"line":98,"column":4}},"line":85},"4":{"name":"(anonymous_4)","decl":{"start":{"line":100,"column":3},"end":{"line":100,"column":4}},"loc":{"start":{"line":100,"column":46},"end":{"line":128,"column":4}},"line":100},"5":{"name":"(anonymous_5)","decl":{"start":{"line":131,"column":3},"end":{"line":131,"column":4}},"loc":{"start":{"line":131,"column":46},"end":{"line":165,"column":4}},"line":131},"6":{"name":"(anonymous_6)","decl":{"start":{"line":167,"column":3},"end":{"line":167,"column":4}},"loc":{"start":{"line":167,"column":43},"end":{"line":197,"column":4}},"line":167},"7":{"name":"(anonymous_7)","decl":{"start":{"line":200,"column":3},"end":{"line":200,"column":4}},"loc":{"start":{"line":200,"column":40},"end":{"line":218,"column":4}},"line":200},"8":{"name":"(anonymous_8)","decl":{"start":{"line":221,"column":3},"end":{"line":221,"column":4}},"loc":{"start":{"line":221,"column":42},"end":{"line":251,"column":4}},"line":221},"9":{"name":"(anonymous_9)","decl":{"start":{"line":254,"column":3},"end":{"line":254,"column":4}},"loc":{"start":{"line":254,"column":42},"end":{"line":300,"column":4}},"line":254}},"branchMap":{"0":{"loc":{"start":{"line":44,"column":9},"end":{"line":46,"column":10}},"type":"if","locations":[{"start":{"line":44,"column":9},"end":{"line":46,"column":10}},{"start":{},"end":{}}],"line":44},"1":{"loc":{"start":{"line":50,"column":9},"end":{"line":52,"column":10}},"type":"if","locations":[{"start":{"line":50,"column":9},"end":{"line":52,"column":10}},{"start":{},"end":{}}],"line":50},"2":{"loc":{"start":{"line":112,"column":9},"end":{"line":114,"column":10}},"type":"if","locations":[{"start":{"line":112,"column":9},"end":{"line":114,"column":10}},{"start":{},"end":{}}],"line":112},"3":{"loc":{"start":{"line":138,"column":9},"end":{"line":140,"column":10}},"type":"if","locations":[{"start":{"line":138,"column":9},"end":{"line":140,"column":10}},{"start":{},"end":{}}],"line":138},"4":{"loc":{"start":{"line":148,"column":9},"end":{"line":150,"column":10}},"type":"if","locations":[{"start":{"line":148,"column":9},"end":{"line":150,"column":10}},{"start":{},"end":{}}],"line":148},"5":{"loc":{"start":{"line":179,"column":9},"end":{"line":182,"column":10}},"type":"if","locations":[{"start":{"line":179,"column":9},"end":{"line":182,"column":10}},{"start":{},"end":{}}],"line":179},"6":{"loc":{"start":{"line":179,"column":12},"end":{"line":179,"column":132}},"type":"binary-expr","locations":[{"start":{"line":179,"column":12},"end":{"line":179,"column":27}},{"start":{"line":179,"column":31},"end":{"line":179,"column":39}},{"start":{"line":179,"column":43},"end":{"line":179,"column":58}},{"start":{"line":179,"column":62},"end":{"line":179,"column":70}},{"start":{"line":179,"column":74},"end":{"line":179,"column":89}},{"start":{"line":179,"column":93},"end":{"line":179,"column":101}},{"start":{"line":179,"column":105},"end":{"line":179,"column":120}},{"start":{"line":179,"column":124},"end":{"line":179,"column":132}}],"line":179},"7":{"loc":{"start":{"line":184,"column":9},"end":{"line":187,"column":10}},"type":"if","locations":[{"start":{"line":184,"column":9},"end":{"line":187,"column":10}},{"start":{},"end":{}}],"line":184},"8":{"loc":{"start":{"line":184,"column":12},"end":{"line":184,"column":38}},"type":"binary-expr","locations":[{"start":{"line":184,"column":12},"end":{"line":184,"column":27}},{"start":{"line":184,"column":31},"end":{"line":184,"column":38}}],"line":184},"9":{"loc":{"start":{"line":235,"column":9},"end":{"line":237,"column":10}},"type":"if","locations":[{"start":{"line":235,"column":9},"end":{"line":237,"column":10}},{"start":{},"end":{}}],"line":235},"10":{"loc":{"start":{"line":269,"column":9},"end":{"line":272,"column":10}},"type":"if","locations":[{"start":{"line":269,"column":9},"end":{"line":272,"column":10}},{"start":{},"end":{}}],"line":269},"11":{"loc":{"start":{"line":269,"column":12},"end":{"line":269,"column":122}},"type":"binary-expr","locations":[{"start":{"line":269,"column":12},"end":{"line":269,"column":27}},{"start":{"line":269,"column":31},"end":{"line":269,"column":46}},{"start":{"line":269,"column":50},"end":{"line":269,"column":65}},{"start":{"line":269,"column":69},"end":{"line":269,"column":84}},{"start":{"line":269,"column":88},"end":{"line":269,"column":103}},{"start":{"line":269,"column":107},"end":{"line":269,"column":122}}],"line":269},"12":{"loc":{"start":{"line":274,"column":9},"end":{"line":277,"column":10}},"type":"if","locations":[{"start":{"line":274,"column":9},"end":{"line":277,"column":10}},{"start":{},"end":{}}],"line":274},"13":{"loc":{"start":{"line":274,"column":12},"end":{"line":274,"column":38}},"type":"binary-expr","locations":[{"start":{"line":274,"column":12},"end":{"line":274,"column":27}},{"start":{"line":274,"column":31},"end":{"line":274,"column":38}}],"line":274},"14":{"loc":{"start":{"line":285,"column":9},"end":{"line":287,"column":10}},"type":"if","locations":[{"start":{"line":285,"column":9},"end":{"line":287,"column":10}},{"start":{},"end":{}}],"line":285}},"s":{"0":6,"1":6,"2":6,"3":6,"4":6,"5":6,"6":6,"7":1,"8":1,"9":5,"10":3,"11":3,"12":3,"13":3,"14":1,"15":2,"16":2,"17":1,"18":1,"19":1,"20":1,"21":2,"22":3,"23":3,"24":3,"25":1,"26":2,"27":1,"28":1,"29":1,"30":0,"31":2,"32":2,"33":2,"34":2,"35":1,"36":1,"37":1,"38":1,"39":3,"40":3,"41":3,"42":3,"43":1,"44":2,"45":2,"46":1,"47":1,"48":1,"49":2,"50":4,"51":4,"52":4,"53":2,"54":2,"55":1,"56":1,"57":1,"58":3,"59":1,"60":1,"61":1,"62":0,"63":2,"64":2,"65":2,"66":2,"67":2,"68":1,"69":1,"70":1,"71":1,"72":4,"73":4,"74":4,"75":4,"76":1,"77":3,"78":1,"79":2,"80":2,"81":1,"82":1,"83":1,"84":3,"85":6},"f":{"0":6,"1":3,"2":3,"3":1,"4":2,"5":3,"6":4,"7":1,"8":2,"9":4},"b":{"0":[1,2],"1":[1,1],"2":[1,1],"3":[1,2],"4":[1,1],"5":[2,2],"6":[4,4,2,2,2,2,2,2],"7":[1,1],"8":[2,2],"9":[1,1],"10":[1,3],"11":[4,4,3,3,3,3],"12":[1,2],"13":[3,3],"14":[1,1]},"_coverageSchema":"1a1c01bbd47fc00a2c39e90264f33305004495a9","hash":"8f6509de22ff0375b61ffd2ea76f874ceb7464ec"}
,"C:\\Users\\dikya\\Downloads\\Hactiv8\\Project Phase 3\\Backend\\controllers\\controllerUser.js": {"path":"C:\\Users\\dikya\\Downloads\\Hactiv8\\Project Phase 3\\Backend\\controllers\\controllerUser.js","statementMap":{"0":{"start":{"line":1,"column":24},"end":{"line":1,"column":52}},"1":{"start":{"line":2,"column":22},"end":{"line":2,"column":47}},"2":{"start":{"line":3,"column":31},"end":{"line":3,"column":51}},"3":{"start":{"line":4,"column":14},"end":{"line":4,"column":40}},"4":{"start":{"line":5,"column":10},"end":{"line":5,"column":28}},"5":{"start":{"line":6,"column":19},"end":{"line":6,"column":40}},"6":{"start":{"line":12,"column":24},"end":{"line":18,"column":10}},"7":{"start":{"line":20,"column":26},"end":{"line":25,"column":9}},"8":{"start":{"line":27,"column":8},"end":{"line":33,"column":11}},"9":{"start":{"line":28,"column":10},"end":{"line":32,"column":11}},"10":{"start":{"line":29,"column":12},"end":{"line":29,"column":39}},"11":{"start":{"line":31,"column":12},"end":{"line":31,"column":61}},"12":{"start":{"line":37,"column":6},"end":{"line":55,"column":4}},"13":{"start":{"line":38,"column":52},"end":{"line":38,"column":60}},"14":{"start":{"line":40,"column":22},"end":{"line":40,"column":28}},"15":{"start":{"line":41,"column":22},"end":{"line":41,"column":81}},"16":{"start":{"line":43,"column":25},"end":{"line":46,"column":10}},"17":{"start":{"line":48,"column":9},"end":{"line":48,"column":42}},"18":{"start":{"line":50,"column":9},"end":{"line":50,"column":75}},"19":{"start":{"line":54,"column":6},"end":{"line":54,"column":18}},"20":{"start":{"line":59,"column":6},"end":{"line":68,"column":7}},"21":{"start":{"line":60,"column":23},"end":{"line":60,"column":31}},"22":{"start":{"line":62,"column":22},"end":{"line":62,"column":84}},"23":{"start":{"line":64,"column":9},"end":{"line":64,"column":35}},"24":{"start":{"line":67,"column":9},"end":{"line":67,"column":20}},"25":{"start":{"line":72,"column":6},"end":{"line":102,"column":7}},"26":{"start":{"line":73,"column":34},"end":{"line":73,"column":42}},"27":{"start":{"line":75,"column":19},"end":{"line":79,"column":8}},"28":{"start":{"line":81,"column":6},"end":{"line":83,"column":7}},"29":{"start":{"line":82,"column":9},"end":{"line":82,"column":50}},"30":{"start":{"line":85,"column":23},"end":{"line":85,"column":59}},"31":{"start":{"line":87,"column":6},"end":{"line":89,"column":7}},"32":{"start":{"line":88,"column":9},"end":{"line":88,"column":50}},"33":{"start":{"line":91,"column":22},"end":{"line":93,"column":7}},"34":{"start":{"line":95,"column":27},"end":{"line":95,"column":45}},"35":{"start":{"line":96,"column":6},"end":{"line":96,"column":45}},"36":{"start":{"line":100,"column":6},"end":{"line":100,"column":18}},"37":{"start":{"line":108,"column":6},"end":{"line":122,"column":7}},"38":{"start":{"line":109,"column":33},"end":{"line":109,"column":69}},"39":{"start":{"line":110,"column":9},"end":{"line":118,"column":10}},"40":{"start":{"line":111,"column":31},"end":{"line":111,"column":58}},"41":{"start":{"line":112,"column":12},"end":{"line":112,"column":43}},"42":{"start":{"line":113,"column":12},"end":{"line":113,"column":44}},"43":{"start":{"line":115,"column":25},"end":{"line":115,"column":81}},"44":{"start":{"line":116,"column":12},"end":{"line":116,"column":70}},"45":{"start":{"line":117,"column":12},"end":{"line":117,"column":38}},"46":{"start":{"line":121,"column":9},"end":{"line":121,"column":20}},"47":{"start":{"line":128,"column":6},"end":{"line":147,"column":7}},"48":{"start":{"line":130,"column":30},"end":{"line":130,"column":40}},"49":{"start":{"line":131,"column":37},"end":{"line":131,"column":86}},"50":{"start":{"line":132,"column":9},"end":{"line":143,"column":10}},"51":{"start":{"line":133,"column":35},"end":{"line":133,"column":66}},"52":{"start":{"line":134,"column":12},"end":{"line":134,"column":48}},"53":{"start":{"line":136,"column":25},"end":{"line":136,"column":83}},"54":{"start":{"line":137,"column":12},"end":{"line":142,"column":13}},"55":{"start":{"line":138,"column":15},"end":{"line":138,"column":52}},"56":{"start":{"line":140,"column":12},"end":{"line":140,"column":83}},"57":{"start":{"line":141,"column":12},"end":{"line":141,"column":38}},"58":{"start":{"line":146,"column":9},"end":{"line":146,"column":20}},"59":{"start":{"line":154,"column":6},"end":{"line":186,"column":7}},"60":{"start":{"line":156,"column":22},"end":{"line":156,"column":32}},"61":{"start":{"line":157,"column":48},"end":{"line":157,"column":56}},"62":{"start":{"line":160,"column":22},"end":{"line":162,"column":11}},"63":{"start":{"line":164,"column":9},"end":{"line":166,"column":10}},"64":{"start":{"line":165,"column":12},"end":{"line":165,"column":45}},"65":{"start":{"line":168,"column":9},"end":{"line":171,"column":10}},"66":{"start":{"line":170,"column":12},"end":{"line":170,"column":65}},"67":{"start":{"line":173,"column":9},"end":{"line":176,"column":10}},"68":{"start":{"line":175,"column":12},"end":{"line":175,"column":65}},"69":{"start":{"line":178,"column":9},"end":{"line":181,"column":10}},"70":{"start":{"line":180,"column":12},"end":{"line":180,"column":65}},"71":{"start":{"line":183,"column":9},"end":{"line":183,"column":35}},"72":{"start":{"line":185,"column":9},"end":{"line":185,"column":20}},"73":{"start":{"line":192,"column":6},"end":{"line":251,"column":7}},"74":{"start":{"line":194,"column":30},"end":{"line":194,"column":40}},"75":{"start":{"line":195,"column":23},"end":{"line":195,"column":31}},"76":{"start":{"line":197,"column":22},"end":{"line":197,"column":54}},"77":{"start":{"line":199,"column":9},"end":{"line":199,"column":69}},"78":{"start":{"line":201,"column":9},"end":{"line":203,"column":10}},"79":{"start":{"line":202,"column":12},"end":{"line":202,"column":49}},"80":{"start":{"line":207,"column":9},"end":{"line":218,"column":10}},"81":{"start":{"line":208,"column":12},"end":{"line":217,"column":13}},"82":{"start":{"line":209,"column":15},"end":{"line":209,"column":66}},"83":{"start":{"line":210,"column":32},"end":{"line":210,"column":49}},"84":{"start":{"line":211,"column":15},"end":{"line":215,"column":17}},"85":{"start":{"line":216,"column":15},"end":{"line":216,"column":43}},"86":{"start":{"line":220,"column":9},"end":{"line":230,"column":10}},"87":{"start":{"line":221,"column":12},"end":{"line":229,"column":13}},"88":{"start":{"line":222,"column":32},"end":{"line":222,"column":49}},"89":{"start":{"line":223,"column":15},"end":{"line":227,"column":14}},"90":{"start":{"line":228,"column":15},"end":{"line":228,"column":43}},"91":{"start":{"line":232,"column":9},"end":{"line":242,"column":10}},"92":{"start":{"line":233,"column":12},"end":{"line":241,"column":13}},"93":{"start":{"line":234,"column":32},"end":{"line":234,"column":49}},"94":{"start":{"line":235,"column":15},"end":{"line":239,"column":14}},"95":{"start":{"line":240,"column":12},"end":{"line":240,"column":40}},"96":{"start":{"line":246,"column":9},"end":{"line":246,"column":89}},"97":{"start":{"line":250,"column":9},"end":{"line":250,"column":20}},"98":{"start":{"line":255,"column":0},"end":{"line":255,"column":32}}},"fnMap":{"0":{"name":"(anonymous_0)","decl":{"start":{"line":11,"column":3},"end":{"line":11,"column":4}},"loc":{"start":{"line":11,"column":25},"end":{"line":34,"column":3}},"line":11},"1":{"name":"(anonymous_1)","decl":{"start":{"line":27,"column":42},"end":{"line":27,"column":43}},"loc":{"start":{"line":27,"column":57},"end":{"line":33,"column":9}},"line":27},"2":{"name":"(anonymous_2)","decl":{"start":{"line":36,"column":3},"end":{"line":36,"column":4}},"loc":{"start":{"line":36,"column":41},"end":{"line":56,"column":1}},"line":36},"3":{"name":"(anonymous_3)","decl":{"start":{"line":58,"column":3},"end":{"line":58,"column":4}},"loc":{"start":{"line":58,"column":40},"end":{"line":69,"column":4}},"line":58},"4":{"name":"(anonymous_4)","decl":{"start":{"line":71,"column":3},"end":{"line":71,"column":4}},"loc":{"start":{"line":71,"column":38},"end":{"line":103,"column":4}},"line":71},"5":{"name":"(anonymous_5)","decl":{"start":{"line":106,"column":3},"end":{"line":106,"column":4}},"loc":{"start":{"line":106,"column":44},"end":{"line":123,"column":4}},"line":106},"6":{"name":"(anonymous_6)","decl":{"start":{"line":126,"column":3},"end":{"line":126,"column":4}},"loc":{"start":{"line":126,"column":48},"end":{"line":149,"column":4}},"line":126},"7":{"name":"(anonymous_7)","decl":{"start":{"line":152,"column":3},"end":{"line":152,"column":4}},"loc":{"start":{"line":152,"column":59},"end":{"line":187,"column":4}},"line":152},"8":{"name":"(anonymous_8)","decl":{"start":{"line":189,"column":3},"end":{"line":189,"column":4}},"loc":{"start":{"line":189,"column":43},"end":{"line":252,"column":4}},"line":189}},"branchMap":{"0":{"loc":{"start":{"line":28,"column":10},"end":{"line":32,"column":11}},"type":"if","locations":[{"start":{"line":28,"column":10},"end":{"line":32,"column":11}},{"start":{"line":30,"column":17},"end":{"line":32,"column":11}}],"line":28},"1":{"loc":{"start":{"line":81,"column":6},"end":{"line":83,"column":7}},"type":"if","locations":[{"start":{"line":81,"column":6},"end":{"line":83,"column":7}},{"start":{},"end":{}}],"line":81},"2":{"loc":{"start":{"line":87,"column":6},"end":{"line":89,"column":7}},"type":"if","locations":[{"start":{"line":87,"column":6},"end":{"line":89,"column":7}},{"start":{},"end":{}}],"line":87},"3":{"loc":{"start":{"line":110,"column":9},"end":{"line":118,"column":10}},"type":"if","locations":[{"start":{"line":110,"column":9},"end":{"line":118,"column":10}},{"start":{"line":114,"column":16},"end":{"line":118,"column":10}}],"line":110},"4":{"loc":{"start":{"line":132,"column":9},"end":{"line":143,"column":10}},"type":"if","locations":[{"start":{"line":132,"column":9},"end":{"line":143,"column":10}},{"start":{"line":135,"column":16},"end":{"line":143,"column":10}}],"line":132},"5":{"loc":{"start":{"line":137,"column":12},"end":{"line":142,"column":13}},"type":"if","locations":[{"start":{"line":137,"column":12},"end":{"line":142,"column":13}},{"start":{"line":139,"column":19},"end":{"line":142,"column":13}}],"line":137},"6":{"loc":{"start":{"line":164,"column":9},"end":{"line":166,"column":10}},"type":"if","locations":[{"start":{"line":164,"column":9},"end":{"line":166,"column":10}},{"start":{},"end":{}}],"line":164},"7":{"loc":{"start":{"line":168,"column":9},"end":{"line":171,"column":10}},"type":"if","locations":[{"start":{"line":168,"column":9},"end":{"line":171,"column":10}},{"start":{},"end":{}}],"line":168},"8":{"loc":{"start":{"line":168,"column":12},"end":{"line":168,"column":54}},"type":"binary-expr","locations":[{"start":{"line":168,"column":12},"end":{"line":168,"column":33}},{"start":{"line":168,"column":37},"end":{"line":168,"column":54}}],"line":168},"9":{"loc":{"start":{"line":173,"column":9},"end":{"line":176,"column":10}},"type":"if","locations":[{"start":{"line":173,"column":9},"end":{"line":176,"column":10}},{"start":{},"end":{}}],"line":173},"10":{"loc":{"start":{"line":173,"column":12},"end":{"line":173,"column":54}},"type":"binary-expr","locations":[{"start":{"line":173,"column":12},"end":{"line":173,"column":33}},{"start":{"line":173,"column":37},"end":{"line":173,"column":54}}],"line":173},"11":{"loc":{"start":{"line":178,"column":9},"end":{"line":181,"column":10}},"type":"if","locations":[{"start":{"line":178,"column":9},"end":{"line":181,"column":10}},{"start":{},"end":{}}],"line":178},"12":{"loc":{"start":{"line":178,"column":12},"end":{"line":178,"column":54}},"type":"binary-expr","locations":[{"start":{"line":178,"column":12},"end":{"line":178,"column":33}},{"start":{"line":178,"column":37},"end":{"line":178,"column":54}}],"line":178},"13":{"loc":{"start":{"line":201,"column":9},"end":{"line":203,"column":10}},"type":"if","locations":[{"start":{"line":201,"column":9},"end":{"line":203,"column":10}},{"start":{},"end":{}}],"line":201},"14":{"loc":{"start":{"line":207,"column":9},"end":{"line":218,"column":10}},"type":"if","locations":[{"start":{"line":207,"column":9},"end":{"line":218,"column":10}},{"start":{},"end":{}}],"line":207},"15":{"loc":{"start":{"line":208,"column":12},"end":{"line":217,"column":13}},"type":"if","locations":[{"start":{"line":208,"column":12},"end":{"line":217,"column":13}},{"start":{},"end":{}}],"line":208},"16":{"loc":{"start":{"line":220,"column":9},"end":{"line":230,"column":10}},"type":"if","locations":[{"start":{"line":220,"column":9},"end":{"line":230,"column":10}},{"start":{},"end":{}}],"line":220},"17":{"loc":{"start":{"line":221,"column":12},"end":{"line":229,"column":13}},"type":"if","locations":[{"start":{"line":221,"column":12},"end":{"line":229,"column":13}},{"start":{},"end":{}}],"line":221},"18":{"loc":{"start":{"line":232,"column":9},"end":{"line":242,"column":10}},"type":"if","locations":[{"start":{"line":232,"column":9},"end":{"line":242,"column":10}},{"start":{},"end":{}}],"line":232},"19":{"loc":{"start":{"line":233,"column":12},"end":{"line":241,"column":13}},"type":"if","locations":[{"start":{"line":233,"column":12},"end":{"line":241,"column":13}},{"start":{},"end":{}}],"line":233}},"s":{"0":6,"1":6,"2":6,"3":6,"4":6,"5":6,"6":1,"7":1,"8":1,"9":0,"10":0,"11":0,"12":6,"13":6,"14":6,"15":6,"16":1,"17":1,"18":1,"19":5,"20":1,"21":1,"22":1,"23":1,"24":0,"25":3,"26":3,"27":3,"28":3,"29":1,"30":2,"31":2,"32":1,"33":1,"34":1,"35":1,"36":2,"37":1,"38":1,"39":1,"40":1,"41":1,"42":1,"43":0,"44":0,"45":0,"46":0,"47":2,"48":2,"49":2,"50":2,"51":1,"52":1,"53":1,"54":1,"55":1,"56":0,"57":0,"58":1,"59":5,"60":5,"61":5,"62":5,"63":5,"64":1,"65":4,"66":1,"67":3,"68":1,"69":2,"70":1,"71":1,"72":4,"73":4,"74":4,"75":4,"76":4,"77":4,"78":4,"79":1,"80":3,"81":1,"82":0,"83":0,"84":0,"85":0,"86":3,"87":1,"88":0,"89":0,"90":0,"91":3,"92":1,"93":0,"94":0,"95":0,"96":3,"97":1,"98":6},"f":{"0":1,"1":0,"2":6,"3":1,"4":3,"5":1,"6":2,"7":5,"8":4},"b":{"0":[0,0],"1":[1,2],"2":[1,1],"3":[1,0],"4":[1,1],"5":[1,0],"6":[1,4],"7":[1,3],"8":[4,2],"9":[1,2],"10":[3,1],"11":[1,1],"12":[2,1],"13":[1,3],"14":[1,2],"15":[0,1],"16":[1,2],"17":[0,1],"18":[1,2],"19":[0,1]},"_coverageSchema":"1a1c01bbd47fc00a2c39e90264f33305004495a9","hash":"63d814047f4ec0dbc441f0d66e8285a3d86fdde2"}
,"C:\\Users\\dikya\\Downloads\\Hactiv8\\Project Phase 3\\Backend\\helpers\\bcrypt.js": {"path":"C:\\Users\\dikya\\Downloads\\Hactiv8\\Project Phase 3\\Backend\\helpers\\bcrypt.js","statementMap":{"0":{"start":{"line":1,"column":15},"end":{"line":1,"column":34}},"1":{"start":{"line":3,"column":21},"end":{"line":5,"column":1}},"2":{"start":{"line":4,"column":2},"end":{"line":4,"column":39}},"3":{"start":{"line":7,"column":20},"end":{"line":9,"column":1}},"4":{"start":{"line":8,"column":2},"end":{"line":8,"column":46}},"5":{"start":{"line":11,"column":0},"end":{"line":11,"column":47}}},"fnMap":{"0":{"name":"(anonymous_0)","decl":{"start":{"line":3,"column":21},"end":{"line":3,"column":22}},"loc":{"start":{"line":3,"column":35},"end":{"line":5,"column":1}},"line":3},"1":{"name":"(anonymous_1)","decl":{"start":{"line":7,"column":20},"end":{"line":7,"column":21}},"loc":{"start":{"line":7,"column":42},"end":{"line":9,"column":1}},"line":7}},"branchMap":{},"s":{"0":6,"1":6,"2":20,"3":6,"4":4,"5":6},"f":{"0":20,"1":4},"b":{},"_coverageSchema":"1a1c01bbd47fc00a2c39e90264f33305004495a9","hash":"aa599e64c49f340f42d78e177980b36007a041ed"}
,"C:\\Users\\dikya\\Downloads\\Hactiv8\\Project Phase 3\\Backend\\helpers\\jwt.js": {"path":"C:\\Users\\dikya\\Downloads\\Hactiv8\\Project Phase 3\\Backend\\helpers\\jwt.js","statementMap":{"0":{"start":{"line":1,"column":12},"end":{"line":1,"column":35}},"1":{"start":{"line":2,"column":17},"end":{"line":2,"column":39}},"2":{"start":{"line":4,"column":18},"end":{"line":6,"column":1}},"3":{"start":{"line":5,"column":2},"end":{"line":5,"column":37}},"4":{"start":{"line":8,"column":20},"end":{"line":10,"column":1}},"5":{"start":{"line":9,"column":2},"end":{"line":9,"column":37}},"6":{"start":{"line":12,"column":0},"end":{"line":12,"column":44}}},"fnMap":{"0":{"name":"(anonymous_0)","decl":{"start":{"line":4,"column":18},"end":{"line":4,"column":19}},"loc":{"start":{"line":4,"column":31},"end":{"line":6,"column":1}},"line":4},"1":{"name":"(anonymous_1)","decl":{"start":{"line":8,"column":20},"end":{"line":8,"column":21}},"loc":{"start":{"line":8,"column":31},"end":{"line":10,"column":1}},"line":8}},"branchMap":{},"s":{"0":6,"1":6,"2":6,"3":10,"4":6,"5":46,"6":6},"f":{"0":10,"1":46},"b":{},"_coverageSchema":"1a1c01bbd47fc00a2c39e90264f33305004495a9","hash":"1956f2068ade06ff47261aa8732a5047890437e5"}
,"C:\\Users\\dikya\\Downloads\\Hactiv8\\Project Phase 3\\Backend\\middlewares\\authentication.js": {"path":"C:\\Users\\dikya\\Downloads\\Hactiv8\\Project Phase 3\\Backend\\middlewares\\authentication.js","statementMap":{"0":{"start":{"line":1,"column":24},"end":{"line":1,"column":49}},"1":{"start":{"line":2,"column":15},"end":{"line":2,"column":35}},"2":{"start":{"line":4,"column":28},"end":{"line":37,"column":1}},"3":{"start":{"line":6,"column":3},"end":{"line":36,"column":4}},"4":{"start":{"line":8,"column":29},"end":{"line":8,"column":40}},"5":{"start":{"line":9,"column":6},"end":{"line":9,"column":31}},"6":{"start":{"line":11,"column":6},"end":{"line":13,"column":7}},"7":{"start":{"line":12,"column":9},"end":{"line":12,"column":38}},"8":{"start":{"line":15,"column":19},"end":{"line":15,"column":44}},"9":{"start":{"line":17,"column":23},"end":{"line":17,"column":51}},"10":{"start":{"line":19,"column":6},"end":{"line":21,"column":7}},"11":{"start":{"line":20,"column":9},"end":{"line":20,"column":38}},"12":{"start":{"line":24,"column":6},"end":{"line":29,"column":7}},"13":{"start":{"line":32,"column":6},"end":{"line":32,"column":12}},"14":{"start":{"line":35,"column":6},"end":{"line":35,"column":17}},"15":{"start":{"line":40,"column":0},"end":{"line":40,"column":36}}},"fnMap":{"0":{"name":"(anonymous_0)","decl":{"start":{"line":4,"column":28},"end":{"line":4,"column":29}},"loc":{"start":{"line":4,"column":54},"end":{"line":37,"column":1}},"line":4}},"branchMap":{"0":{"loc":{"start":{"line":11,"column":6},"end":{"line":13,"column":7}},"type":"if","locations":[{"start":{"line":11,"column":6},"end":{"line":13,"column":7}},{"start":{},"end":{}}],"line":11},"1":{"loc":{"start":{"line":19,"column":6},"end":{"line":21,"column":7}},"type":"if","locations":[{"start":{"line":19,"column":6},"end":{"line":21,"column":7}},{"start":{},"end":{}}],"line":19}},"s":{"0":6,"1":6,"2":6,"3":57,"4":57,"5":57,"6":57,"7":11,"8":46,"9":36,"10":36,"11":2,"12":34,"13":34,"14":23,"15":6},"f":{"0":57},"b":{"0":[11,46],"1":[2,34]},"_coverageSchema":"1a1c01bbd47fc00a2c39e90264f33305004495a9","hash":"8edd44c0500c517a9945cd5567ab2473260b086b"}
,"C:\\Users\\dikya\\Downloads\\Hactiv8\\Project Phase 3\\Backend\\middlewares\\errorHandler.js": {"path":"C:\\Users\\dikya\\Downloads\\Hactiv8\\Project Phase 3\\Backend\\middlewares\\errorHandler.js","statementMap":{"0":{"start":{"line":1,"column":21},"end":{"line":34,"column":1}},"1":{"start":{"line":3,"column":13},"end":{"line":3,"column":16}},"2":{"start":{"line":4,"column":16},"end":{"line":4,"column":39}},"3":{"start":{"line":6,"column":2},"end":{"line":30,"column":3}},"4":{"start":{"line":7,"column":5},"end":{"line":7,"column":13}},"5":{"start":{"line":8,"column":5},"end":{"line":8,"column":30}},"6":{"start":{"line":9,"column":9},"end":{"line":30,"column":3}},"7":{"start":{"line":10,"column":5},"end":{"line":10,"column":13}},"8":{"start":{"line":11,"column":5},"end":{"line":11,"column":36}},"9":{"start":{"line":12,"column":9},"end":{"line":30,"column":3}},"10":{"start":{"line":13,"column":5},"end":{"line":13,"column":13}},"11":{"start":{"line":14,"column":5},"end":{"line":14,"column":23}},"12":{"start":{"line":15,"column":9},"end":{"line":30,"column":3}},"13":{"start":{"line":16,"column":5},"end":{"line":16,"column":15}},"14":{"start":{"line":17,"column":5},"end":{"line":17,"column":23}},"15":{"start":{"line":18,"column":9},"end":{"line":30,"column":3}},"16":{"start":{"line":19,"column":5},"end":{"line":19,"column":15}},"17":{"start":{"line":20,"column":5},"end":{"line":20,"column":23}},"18":{"start":{"line":21,"column":9},"end":{"line":30,"column":3}},"19":{"start":{"line":22,"column":5},"end":{"line":22,"column":15}},"20":{"start":{"line":23,"column":5},"end":{"line":23,"column":23}},"21":{"start":{"line":24,"column":9},"end":{"line":30,"column":3}},"22":{"start":{"line":25,"column":5},"end":{"line":25,"column":15}},"23":{"start":{"line":26,"column":5},"end":{"line":26,"column":23}},"24":{"start":{"line":27,"column":9},"end":{"line":30,"column":3}},"25":{"start":{"line":28,"column":5},"end":{"line":28,"column":15}},"26":{"start":{"line":29,"column":5},"end":{"line":29,"column":23}},"27":{"start":{"line":31,"column":2},"end":{"line":31,"column":18}},"28":{"start":{"line":32,"column":2},"end":{"line":32,"column":61}},"29":{"start":{"line":33,"column":2},"end":{"line":33,"column":34}},"30":{"start":{"line":36,"column":0},"end":{"line":36,"column":30}}},"fnMap":{"0":{"name":"(anonymous_0)","decl":{"start":{"line":1,"column":21},"end":{"line":1,"column":22}},"loc":{"start":{"line":1,"column":46},"end":{"line":34,"column":1}},"line":1}},"branchMap":{"0":{"loc":{"start":{"line":6,"column":2},"end":{"line":30,"column":3}},"type":"if","locations":[{"start":{"line":6,"column":2},"end":{"line":30,"column":3}},{"start":{"line":9,"column":9},"end":{"line":30,"column":3}}],"line":6},"1":{"loc":{"start":{"line":6,"column":5},"end":{"line":6,"column":69}},"type":"binary-expr","locations":[{"start":{"line":6,"column":5},"end":{"line":6,"column":33}},{"start":{"line":6,"column":37},"end":{"line":6,"column":69}}],"line":6},"2":{"loc":{"start":{"line":9,"column":9},"end":{"line":30,"column":3}},"type":"if","locations":[{"start":{"line":9,"column":9},"end":{"line":30,"column":3}},{"start":{"line":12,"column":9},"end":{"line":30,"column":3}}],"line":9},"3":{"loc":{"start":{"line":9,"column":12},"end":{"line":9,"column":100}},"type":"binary-expr","locations":[{"start":{"line":9,"column":12},"end":{"line":9,"column":51}},{"start":{"line":9,"column":55},"end":{"line":9,"column":100}}],"line":9},"4":{"loc":{"start":{"line":12,"column":9},"end":{"line":30,"column":3}},"type":"if","locations":[{"start":{"line":12,"column":9},"end":{"line":30,"column":3}},{"start":{"line":15,"column":9},"end":{"line":30,"column":3}}],"line":12},"5":{"loc":{"start":{"line":15,"column":9},"end":{"line":30,"column":3}},"type":"if","locations":[{"start":{"line":15,"column":9},"end":{"line":30,"column":3}},{"start":{"line":18,"column":9},"end":{"line":30,"column":3}}],"line":15},"6":{"loc":{"start":{"line":18,"column":9},"end":{"line":30,"column":3}},"type":"if","locations":[{"start":{"line":18,"column":9},"end":{"line":30,"column":3}},{"start":{"line":21,"column":9},"end":{"line":30,"column":3}}],"line":18},"7":{"loc":{"start":{"line":21,"column":9},"end":{"line":30,"column":3}},"type":"if","locations":[{"start":{"line":21,"column":9},"end":{"line":30,"column":3}},{"start":{"line":24,"column":9},"end":{"line":30,"column":3}}],"line":21},"8":{"loc":{"start":{"line":21,"column":13},"end":{"line":21,"column":128}},"type":"binary-expr","locations":[{"start":{"line":21,"column":13},"end":{"line":21,"column":73}},{"start":{"line":21,"column":77},"end":{"line":21,"column":128}}],"line":21},"9":{"loc":{"start":{"line":24,"column":9},"end":{"line":30,"column":3}},"type":"if","locations":[{"start":{"line":24,"column":9},"end":{"line":30,"column":3}},{"start":{"line":27,"column":9},"end":{"line":30,"column":3}}],"line":24},"10":{"loc":{"start":{"line":27,"column":9},"end":{"line":30,"column":3}},"type":"if","locations":[{"start":{"line":27,"column":9},"end":{"line":30,"column":3}},{"start":{},"end":{}}],"line":27}},"s":{"0":6,"1":55,"2":55,"3":55,"4":23,"5":23,"6":32,"7":12,"8":12,"9":20,"10":4,"11":4,"12":16,"13":4,"14":4,"15":12,"16":3,"17":3,"18":9,"19":3,"20":3,"21":6,"22":3,"23":3,"24":3,"25":3,"26":3,"27":55,"28":55,"29":55,"30":6},"f":{"0":55},"b":{"0":[23,32],"1":[55,42],"2":[12,20],"3":[32,22],"4":[4,16],"5":[4,12],"6":[3,9],"7":[3,6],"8":[9,7],"9":[3,3],"10":[3,0]},"_coverageSchema":"1a1c01bbd47fc00a2c39e90264f33305004495a9","hash":"7d7559515476ee7715ed5df6776773564c7bf7b2"}
,"C:\\Users\\dikya\\Downloads\\Hactiv8\\Project Phase 3\\Backend\\models\\category.js": {"path":"C:\\Users\\dikya\\Downloads\\Hactiv8\\Project Phase 3\\Backend\\models\\category.js","statementMap":{"0":{"start":{"line":4,"column":4},"end":{"line":4,"column":24}},"1":{"start":{"line":5,"column":0},"end":{"line":36,"column":2}},"2":{"start":{"line":13,"column":6},"end":{"line":15,"column":8}},"3":{"start":{"line":18,"column":2},"end":{"line":34,"column":5}},"4":{"start":{"line":35,"column":2},"end":{"line":35,"column":18}}},"fnMap":{"0":{"name":"(anonymous_0)","decl":{"start":{"line":5,"column":17},"end":{"line":5,"column":18}},"loc":{"start":{"line":5,"column":43},"end":{"line":36,"column":1}},"line":5},"1":{"name":"(anonymous_1)","decl":{"start":{"line":12,"column":4},"end":{"line":12,"column":5}},"loc":{"start":{"line":12,"column":29},"end":{"line":16,"column":5}},"line":12}},"branchMap":{},"s":{"0":6,"1":6,"2":6,"3":6,"4":6},"f":{"0":6,"1":6},"b":{},"_coverageSchema":"1a1c01bbd47fc00a2c39e90264f33305004495a9","hash":"aa6fea4fc5f5e1b909f6fa679be13d762e6f3588"}
,"C:\\Users\\dikya\\Downloads\\Hactiv8\\Project Phase 3\\Backend\\models\\game.js": {"path":"C:\\Users\\dikya\\Downloads\\Hactiv8\\Project Phase 3\\Backend\\models\\game.js","statementMap":{"0":{"start":{"line":4,"column":4},"end":{"line":4,"column":24}},"1":{"start":{"line":5,"column":0},"end":{"line":44,"column":2}},"2":{"start":{"line":13,"column":6},"end":{"line":15,"column":8}},"3":{"start":{"line":18,"column":2},"end":{"line":42,"column":5}},"4":{"start":{"line":43,"column":2},"end":{"line":43,"column":14}}},"fnMap":{"0":{"name":"(anonymous_0)","decl":{"start":{"line":5,"column":17},"end":{"line":5,"column":18}},"loc":{"start":{"line":5,"column":43},"end":{"line":44,"column":1}},"line":5},"1":{"name":"(anonymous_1)","decl":{"start":{"line":12,"column":4},"end":{"line":12,"column":5}},"loc":{"start":{"line":12,"column":29},"end":{"line":16,"column":5}},"line":12}},"branchMap":{},"s":{"0":6,"1":6,"2":6,"3":6,"4":6},"f":{"0":6,"1":6},"b":{},"_coverageSchema":"1a1c01bbd47fc00a2c39e90264f33305004495a9","hash":"986dbd889812917d3c8432ec8a99e0081720838b"}
,"C:\\Users\\dikya\\Downloads\\Hactiv8\\Project Phase 3\\Backend\\models\\index.js": {"path":"C:\\Users\\dikya\\Downloads\\Hactiv8\\Project Phase 3\\Backend\\models\\index.js","statementMap":{"0":{"start":{"line":3,"column":11},"end":{"line":3,"column":24}},"1":{"start":{"line":4,"column":13},"end":{"line":4,"column":28}},"2":{"start":{"line":5,"column":18},"end":{"line":5,"column":38}},"3":{"start":{"line":6,"column":16},"end":{"line":6,"column":34}},"4":{"start":{"line":7,"column":17},"end":{"line":7,"column":42}},"5":{"start":{"line":8,"column":12},"end":{"line":8,"column":49}},"6":{"start":{"line":9,"column":15},"end":{"line":9,"column":65}},"7":{"start":{"line":10,"column":11},"end":{"line":10,"column":13}},"8":{"start":{"line":13,"column":0},"end":{"line":17,"column":1}},"9":{"start":{"line":14,"column":2},"end":{"line":14,"column":74}},"10":{"start":{"line":16,"column":2},"end":{"line":16,"column":87}},"11":{"start":{"line":19,"column":0},"end":{"line":32,"column":5}},"12":{"start":{"line":22,"column":4},"end":{"line":27,"column":6}},"13":{"start":{"line":30,"column":18},"end":{"line":30,"column":85}},"14":{"start":{"line":31,"column":4},"end":{"line":31,"column":27}},"15":{"start":{"line":34,"column":0},"end":{"line":38,"column":3}},"16":{"start":{"line":35,"column":2},"end":{"line":37,"column":3}},"17":{"start":{"line":36,"column":4},"end":{"line":36,"column":32}},"18":{"start":{"line":40,"column":0},"end":{"line":40,"column":25}},"19":{"start":{"line":41,"column":0},"end":{"line":41,"column":25}},"20":{"start":{"line":43,"column":0},"end":{"line":43,"column":20}}},"fnMap":{"0":{"name":"(anonymous_0)","decl":{"start":{"line":21,"column":10},"end":{"line":21,"column":11}},"loc":{"start":{"line":21,"column":18},"end":{"line":28,"column":3}},"line":21},"1":{"name":"(anonymous_1)","decl":{"start":{"line":29,"column":11},"end":{"line":29,"column":12}},"loc":{"start":{"line":29,"column":19},"end":{"line":32,"column":3}},"line":29},"2":{"name":"(anonymous_2)","decl":{"start":{"line":34,"column":24},"end":{"line":34,"column":25}},"loc":{"start":{"line":34,"column":37},"end":{"line":38,"column":1}},"line":34}},"branchMap":{"0":{"loc":{"start":{"line":8,"column":12},"end":{"line":8,"column":49}},"type":"binary-expr","locations":[{"start":{"line":8,"column":12},"end":{"line":8,"column":32}},{"start":{"line":8,"column":36},"end":{"line":8,"column":49}}],"line":8},"1":{"loc":{"start":{"line":13,"column":0},"end":{"line":17,"column":1}},"type":"if","locations":[{"start":{"line":13,"column":0},"end":{"line":17,"column":1}},{"start":{"line":15,"column":7},"end":{"line":17,"column":1}}],"line":13},"2":{"loc":{"start":{"line":23,"column":6},"end":{"line":26,"column":37}},"type":"binary-expr","locations":[{"start":{"line":23,"column":6},"end":{"line":23,"column":29}},{"start":{"line":24,"column":6},"end":{"line":24,"column":23}},{"start":{"line":25,"column":6},"end":{"line":25,"column":30}},{"start":{"line":26,"column":6},"end":{"line":26,"column":37}}],"line":23},"3":{"loc":{"start":{"line":35,"column":2},"end":{"line":37,"column":3}},"type":"if","locations":[{"start":{"line":35,"column":2},"end":{"line":37,"column":3}},{"start":{},"end":{}}],"line":35}},"s":{"0":6,"1":6,"2":6,"3":6,"4":6,"5":6,"6":6,"7":6,"8":6,"9":0,"10":6,"11":6,"12":24,"13":18,"14":18,"15":6,"16":18,"17":18,"18":6,"19":6,"20":6},"f":{"0":24,"1":18,"2":18},"b":{"0":[6,0],"1":[0,6],"2":[24,24,18,18],"3":[18,0]},"_coverageSchema":"1a1c01bbd47fc00a2c39e90264f33305004495a9","hash":"1c41468863be0201193032ff69a7d77b20df67d8"}
,"C:\\Users\\dikya\\Downloads\\Hactiv8\\Project Phase 3\\Backend\\models\\user.js": {"path":"C:\\Users\\dikya\\Downloads\\Hactiv8\\Project Phase 3\\Backend\\models\\user.js","statementMap":{"0":{"start":{"line":4,"column":4},"end":{"line":4,"column":24}},"1":{"start":{"line":5,"column":25},"end":{"line":5,"column":53}},"2":{"start":{"line":6,"column":0},"end":{"line":98,"column":2}},"3":{"start":{"line":17,"column":3},"end":{"line":92,"column":6}},"4":{"start":{"line":94,"column":3},"end":{"line":96,"column":6}},"5":{"start":{"line":95,"column":6},"end":{"line":95,"column":58}},"6":{"start":{"line":97,"column":3},"end":{"line":97,"column":15}}},"fnMap":{"0":{"name":"(anonymous_0)","decl":{"start":{"line":6,"column":17},"end":{"line":6,"column":18}},"loc":{"start":{"line":6,"column":43},"end":{"line":98,"column":1}},"line":6},"1":{"name":"(anonymous_1)","decl":{"start":{"line":13,"column":6},"end":{"line":13,"column":7}},"loc":{"start":{"line":13,"column":31},"end":{"line":15,"column":7}},"line":13},"2":{"name":"(anonymous_2)","decl":{"start":{"line":94,"column":21},"end":{"line":94,"column":22}},"loc":{"start":{"line":94,"column":44},"end":{"line":96,"column":4}},"line":94}},"branchMap":{},"s":{"0":6,"1":6,"2":6,"3":6,"4":6,"5":10,"6":6},"f":{"0":6,"1":6,"2":10},"b":{},"_coverageSchema":"1a1c01bbd47fc00a2c39e90264f33305004495a9","hash":"352e58c3ceb29987e8e9e05a8067954182983793"}
,"C:\\Users\\dikya\\Downloads\\Hactiv8\\Project Phase 3\\Backend\\routes\\router.js": {"path":"C:\\Users\\dikya\\Downloads\\Hactiv8\\Project Phase 3\\Backend\\routes\\router.js","statementMap":{"0":{"start":{"line":1,"column":15},"end":{"line":1,"column":42}},"1":{"start":{"line":2,"column":24},"end":{"line":2,"column":52}},"2":{"start":{"line":3,"column":23},"end":{"line":3,"column":50}},"3":{"start":{"line":4,"column":28},"end":{"line":4,"column":60}},"4":{"start":{"line":5,"column":27},"end":{"line":5,"column":58}},"5":{"start":{"line":7,"column":0},"end":{"line":7,"column":37}},"6":{"start":{"line":8,"column":0},"end":{"line":8,"column":34}},"7":{"start":{"line":9,"column":0},"end":{"line":9,"column":52}},"8":{"start":{"line":10,"column":0},"end":{"line":10,"column":49}},"9":{"start":{"line":12,"column":0},"end":{"line":12,"column":23}}},"fnMap":{},"branchMap":{},"s":{"0":6,"1":6,"2":6,"3":6,"4":6,"5":6,"6":6,"7":6,"8":6,"9":6},"f":{},"b":{},"_coverageSchema":"1a1c01bbd47fc00a2c39e90264f33305004495a9","hash":"2e11ca7f4509161c35fc66ee6ba6ae2b2e4e9f91"}
,"C:\\Users\\dikya\\Downloads\\Hactiv8\\Project Phase 3\\Backend\\routes\\routerCategoryAdmin.js": {"path":"C:\\Users\\dikya\\Downloads\\Hactiv8\\Project Phase 3\\Backend\\routes\\routerCategoryAdmin.js","statementMap":{"0":{"start":{"line":1,"column":28},"end":{"line":1,"column":55}},"1":{"start":{"line":2,"column":24},"end":{"line":2,"column":65}},"2":{"start":{"line":3,"column":23},"end":{"line":3,"column":63}},"3":{"start":{"line":5,"column":0},"end":{"line":5,"column":39}},"4":{"start":{"line":7,"column":0},"end":{"line":7,"column":61}},"5":{"start":{"line":8,"column":0},"end":{"line":8,"column":57}},"6":{"start":{"line":9,"column":0},"end":{"line":9,"column":66}},"7":{"start":{"line":10,"column":0},"end":{"line":10,"column":63}},"8":{"start":{"line":13,"column":0},"end":{"line":13,"column":36}}},"fnMap":{},"branchMap":{},"s":{"0":6,"1":6,"2":6,"3":6,"4":6,"5":6,"6":6,"7":6,"8":6},"f":{},"b":{},"_coverageSchema":"1a1c01bbd47fc00a2c39e90264f33305004495a9","hash":"a70d831ad6c843d8612744fb2cb876c753b21883"}
,"C:\\Users\\dikya\\Downloads\\Hactiv8\\Project Phase 3\\Backend\\routes\\routerCategoryUser.js": {"path":"C:\\Users\\dikya\\Downloads\\Hactiv8\\Project Phase 3\\Backend\\routes\\routerCategoryUser.js","statementMap":{"0":{"start":{"line":1,"column":27},"end":{"line":1,"column":54}},"1":{"start":{"line":2,"column":23},"end":{"line":2,"column":63}},"2":{"start":{"line":3,"column":23},"end":{"line":3,"column":63}},"3":{"start":{"line":5,"column":0},"end":{"line":5,"column":38}},"4":{"start":{"line":7,"column":0},"end":{"line":7,"column":55}},"5":{"start":{"line":10,"column":0},"end":{"line":10,"column":35}}},"fnMap":{},"branchMap":{},"s":{"0":6,"1":6,"2":6,"3":6,"4":6,"5":6},"f":{},"b":{},"_coverageSchema":"1a1c01bbd47fc00a2c39e90264f33305004495a9","hash":"7577f5fa82f0219e4ebdd3f81dc80e3a3c015444"}
,"C:\\Users\\dikya\\Downloads\\Hactiv8\\Project Phase 3\\Backend\\routes\\routerGameAdmin.js": {"path":"C:\\Users\\dikya\\Downloads\\Hactiv8\\Project Phase 3\\Backend\\routes\\routerGameAdmin.js","statementMap":{"0":{"start":{"line":1,"column":24},"end":{"line":1,"column":51}},"1":{"start":{"line":2,"column":24},"end":{"line":2,"column":65}},"2":{"start":{"line":3,"column":23},"end":{"line":3,"column":63}},"3":{"start":{"line":6,"column":0},"end":{"line":6,"column":59}},"4":{"start":{"line":7,"column":0},"end":{"line":7,"column":53}},"5":{"start":{"line":9,"column":0},"end":{"line":9,"column":35}},"6":{"start":{"line":11,"column":0},"end":{"line":11,"column":67}},"7":{"start":{"line":12,"column":0},"end":{"line":12,"column":63}},"8":{"start":{"line":13,"column":0},"end":{"line":13,"column":73}},"9":{"start":{"line":14,"column":0},"end":{"line":14,"column":70}},"10":{"start":{"line":16,"column":0},"end":{"line":16,"column":58}},"11":{"start":{"line":17,"column":0},"end":{"line":17,"column":55}},"12":{"start":{"line":18,"column":0},"end":{"line":18,"column":64}},"13":{"start":{"line":19,"column":0},"end":{"line":19,"column":61}},"14":{"start":{"line":22,"column":0},"end":{"line":22,"column":32}}},"fnMap":{},"branchMap":{},"s":{"0":6,"1":6,"2":6,"3":6,"4":6,"5":6,"6":6,"7":6,"8":6,"9":6,"10":6,"11":6,"12":6,"13":6,"14":6},"f":{},"b":{},"_coverageSchema":"1a1c01bbd47fc00a2c39e90264f33305004495a9","hash":"a25d19383d7c5f4f769ce0c00cb8eb1582912035"}
,"C:\\Users\\dikya\\Downloads\\Hactiv8\\Project Phase 3\\Backend\\routes\\routerGameUser.js": {"path":"C:\\Users\\dikya\\Downloads\\Hactiv8\\Project Phase 3\\Backend\\routes\\routerGameUser.js","statementMap":{"0":{"start":{"line":1,"column":19},"end":{"line":1,"column":46}},"1":{"start":{"line":2,"column":23},"end":{"line":2,"column":63}},"2":{"start":{"line":3,"column":23},"end":{"line":3,"column":63}},"3":{"start":{"line":5,"column":0},"end":{"line":5,"column":54}},"4":{"start":{"line":6,"column":0},"end":{"line":6,"column":48}},"5":{"start":{"line":8,"column":0},"end":{"line":8,"column":30}},"6":{"start":{"line":9,"column":0},"end":{"line":9,"column":48}},"7":{"start":{"line":10,"column":0},"end":{"line":10,"column":68}},"8":{"start":{"line":11,"column":0},"end":{"line":11,"column":75}},"9":{"start":{"line":12,"column":0},"end":{"line":12,"column":71}},"10":{"start":{"line":14,"column":0},"end":{"line":14,"column":28}}},"fnMap":{},"branchMap":{},"s":{"0":6,"1":6,"2":6,"3":6,"4":6,"5":6,"6":6,"7":6,"8":6,"9":6,"10":6},"f":{},"b":{},"_coverageSchema":"1a1c01bbd47fc00a2c39e90264f33305004495a9","hash":"fe736a14becfaa9db1e17d2a4f6488b49a6cecb0"}
}
