{"C:\\Users\\dikya\\Downloads\\Hactiv8\\Project Phase 3\\Backend\\app.js": {"path":"C:\\Users\\dikya\\Downloads\\Hactiv8\\Project Phase 3\\Backend\\app.js","statementMap":{"0":{"start":{"line":1,"column":0},"end":{"line":1,"column":26}},"1":{"start":{"line":2,"column":16},"end":{"line":2,"column":34}},"2":{"start":{"line":3,"column":12},"end":{"line":3,"column":21}},"3":{"start":{"line":4,"column":13},"end":{"line":4,"column":17}},"4":{"start":{"line":5,"column":15},"end":{"line":5,"column":41}},"5":{"start":{"line":6,"column":13},"end":{"line":6,"column":28}},"6":{"start":{"line":7,"column":21},"end":{"line":7,"column":58}},"7":{"start":{"line":9,"column":0},"end":{"line":9,"column":15}},"8":{"start":{"line":10,"column":0},"end":{"line":10,"column":46}},"9":{"start":{"line":11,"column":0},"end":{"line":11,"column":23}},"10":{"start":{"line":12,"column":0},"end":{"line":12,"column":15}},"11":{"start":{"line":14,"column":0},"end":{"line":14,"column":21}},"12":{"start":{"line":20,"column":0},"end":{"line":20,"column":20}}},"fnMap":{},"branchMap":{},"s":{"0":5,"1":5,"2":5,"3":5,"4":5,"5":5,"6":5,"7":5,"8":5,"9":5,"10":5,"11":5,"12":5},"f":{},"b":{},"_coverageSchema":"1a1c01bbd47fc00a2c39e90264f33305004495a9","hash":"1ea3d0ce0d20c710cf3f89766f8d58793d7d87af"}
,"C:\\Users\\dikya\\Downloads\\Hactiv8\\Project Phase 3\\Backend\\controllers\\controllerAdmin.js": {"path":"C:\\Users\\dikya\\Downloads\\Hactiv8\\Project Phase 3\\Backend\\controllers\\controllerAdmin.js","statementMap":{"0":{"start":{"line":1,"column":38},"end":{"line":1,"column":66}},"1":{"start":{"line":2,"column":22},"end":{"line":2,"column":47}},"2":{"start":{"line":3,"column":31},"end":{"line":3,"column":51}},"3":{"start":{"line":9,"column":6},"end":{"line":25,"column":7}},"4":{"start":{"line":11,"column":50},"end":{"line":11,"column":58}},"5":{"start":{"line":13,"column":22},"end":{"line":13,"column":29}},"6":{"start":{"line":14,"column":22},"end":{"line":14,"column":79}},"7":{"start":{"line":16,"column":25},"end":{"line":19,"column":10}},"8":{"start":{"line":21,"column":9},"end":{"line":21,"column":72}},"9":{"start":{"line":24,"column":9},"end":{"line":24,"column":20}},"10":{"start":{"line":34,"column":6},"end":{"line":64,"column":7}},"11":{"start":{"line":36,"column":35},"end":{"line":36,"column":43}},"12":{"start":{"line":38,"column":22},"end":{"line":42,"column":11}},"13":{"start":{"line":44,"column":9},"end":{"line":46,"column":10}},"14":{"start":{"line":45,"column":12},"end":{"line":45,"column":50}},"15":{"start":{"line":48,"column":26},"end":{"line":48,"column":62}},"16":{"start":{"line":50,"column":9},"end":{"line":52,"column":10}},"17":{"start":{"line":51,"column":12},"end":{"line":51,"column":50}},"18":{"start":{"line":54,"column":25},"end":{"line":56,"column":10}},"19":{"start":{"line":58,"column":30},"end":{"line":58,"column":48}},"20":{"start":{"line":60,"column":9},"end":{"line":60,"column":45}},"21":{"start":{"line":63,"column":9},"end":{"line":63,"column":20}},"22":{"start":{"line":70,"column":6},"end":{"line":80,"column":7}},"23":{"start":{"line":72,"column":24},"end":{"line":72,"column":32}},"24":{"start":{"line":74,"column":9},"end":{"line":74,"column":38}},"25":{"start":{"line":76,"column":9},"end":{"line":76,"column":75}},"26":{"start":{"line":79,"column":9},"end":{"line":79,"column":20}},"27":{"start":{"line":87,"column":6},"end":{"line":97,"column":7}},"28":{"start":{"line":89,"column":22},"end":{"line":91,"column":11}},"29":{"start":{"line":93,"column":9},"end":{"line":93,"column":35}},"30":{"start":{"line":96,"column":9},"end":{"line":96,"column":20}},"31":{"start":{"line":102,"column":6},"end":{"line":127,"column":7}},"32":{"start":{"line":104,"column":22},"end":{"line":104,"column":32}},"33":{"start":{"line":106,"column":23},"end":{"line":110,"column":11}},"34":{"start":{"line":112,"column":9},"end":{"line":114,"column":10}},"35":{"start":{"line":113,"column":12},"end":{"line":113,"column":49}},"36":{"start":{"line":116,"column":9},"end":{"line":120,"column":11}},"37":{"start":{"line":122,"column":9},"end":{"line":122,"column":83}},"38":{"start":{"line":126,"column":9},"end":{"line":126,"column":20}},"39":{"start":{"line":133,"column":6},"end":{"line":159,"column":7}},"40":{"start":{"line":135,"column":22},"end":{"line":135,"column":32}},"41":{"start":{"line":136,"column":24},"end":{"line":136,"column":32}},"42":{"start":{"line":138,"column":23},"end":{"line":142,"column":11}},"43":{"start":{"line":144,"column":9},"end":{"line":146,"column":10}},"44":{"start":{"line":145,"column":12},"end":{"line":145,"column":49}},"45":{"start":{"line":148,"column":9},"end":{"line":152,"column":11}},"46":{"start":{"line":154,"column":9},"end":{"line":154,"column":83}},"47":{"start":{"line":158,"column":9},"end":{"line":158,"column":20}},"48":{"start":{"line":165,"column":6},"end":{"line":191,"column":7}},"49":{"start":{"line":173,"column":13},"end":{"line":173,"column":21}},"50":{"start":{"line":175,"column":9},"end":{"line":178,"column":10}},"51":{"start":{"line":177,"column":12},"end":{"line":177,"column":70}},"52":{"start":{"line":180,"column":9},"end":{"line":183,"column":10}},"53":{"start":{"line":182,"column":12},"end":{"line":182,"column":73}},"54":{"start":{"line":185,"column":9},"end":{"line":185,"column":119}},"55":{"start":{"line":187,"column":9},"end":{"line":187,"column":64}},"56":{"start":{"line":190,"column":9},"end":{"line":190,"column":20}},"57":{"start":{"line":199,"column":6},"end":{"line":212,"column":7}},"58":{"start":{"line":201,"column":22},"end":{"line":206,"column":11}},"59":{"start":{"line":208,"column":9},"end":{"line":208,"column":35}},"60":{"start":{"line":211,"column":9},"end":{"line":211,"column":20}},"61":{"start":{"line":219,"column":6},"end":{"line":244,"column":7}},"62":{"start":{"line":221,"column":22},"end":{"line":221,"column":32}},"63":{"start":{"line":223,"column":23},"end":{"line":227,"column":11}},"64":{"start":{"line":229,"column":9},"end":{"line":231,"column":10}},"65":{"start":{"line":230,"column":12},"end":{"line":230,"column":45}},"66":{"start":{"line":233,"column":9},"end":{"line":237,"column":11}},"67":{"start":{"line":239,"column":9},"end":{"line":239,"column":79}},"68":{"start":{"line":243,"column":9},"end":{"line":243,"column":20}},"69":{"start":{"line":251,"column":6},"end":{"line":293,"column":7}},"70":{"start":{"line":253,"column":22},"end":{"line":253,"column":32}},"71":{"start":{"line":261,"column":13},"end":{"line":261,"column":21}},"72":{"start":{"line":263,"column":9},"end":{"line":266,"column":10}},"73":{"start":{"line":265,"column":12},"end":{"line":265,"column":70}},"74":{"start":{"line":268,"column":9},"end":{"line":271,"column":10}},"75":{"start":{"line":270,"column":12},"end":{"line":270,"column":73}},"76":{"start":{"line":273,"column":23},"end":{"line":277,"column":11}},"77":{"start":{"line":279,"column":9},"end":{"line":281,"column":10}},"78":{"start":{"line":280,"column":12},"end":{"line":280,"column":45}},"79":{"start":{"line":283,"column":9},"end":{"line":287,"column":11}},"80":{"start":{"line":289,"column":9},"end":{"line":289,"column":79}},"81":{"start":{"line":292,"column":9},"end":{"line":292,"column":20}},"82":{"start":{"line":298,"column":0},"end":{"line":298,"column":32}}},"fnMap":{"0":{"name":"(anonymous_0)","decl":{"start":{"line":7,"column":3},"end":{"line":7,"column":4}},"loc":{"start":{"line":7,"column":40},"end":{"line":26,"column":4}},"line":7},"1":{"name":"(anonymous_1)","decl":{"start":{"line":31,"column":3},"end":{"line":31,"column":4}},"loc":{"start":{"line":31,"column":37},"end":{"line":65,"column":4}},"line":31},"2":{"name":"(anonymous_2)","decl":{"start":{"line":68,"column":3},"end":{"line":68,"column":4}},"loc":{"start":{"line":68,"column":48},"end":{"line":82,"column":4}},"line":68},"3":{"name":"(anonymous_3)","decl":{"start":{"line":85,"column":3},"end":{"line":85,"column":4}},"loc":{"start":{"line":85,"column":44},"end":{"line":98,"column":4}},"line":85},"4":{"name":"(anonymous_4)","decl":{"start":{"line":100,"column":3},"end":{"line":100,"column":4}},"loc":{"start":{"line":100,"column":46},"end":{"line":128,"column":4}},"line":100},"5":{"name":"(anonymous_5)","decl":{"start":{"line":131,"column":3},"end":{"line":131,"column":4}},"loc":{"start":{"line":131,"column":46},"end":{"line":161,"column":4}},"line":131},"6":{"name":"(anonymous_6)","decl":{"start":{"line":163,"column":3},"end":{"line":163,"column":4}},"loc":{"start":{"line":163,"column":43},"end":{"line":193,"column":4}},"line":163},"7":{"name":"(anonymous_7)","decl":{"start":{"line":196,"column":3},"end":{"line":196,"column":4}},"loc":{"start":{"line":196,"column":40},"end":{"line":214,"column":4}},"line":196},"8":{"name":"(anonymous_8)","decl":{"start":{"line":217,"column":3},"end":{"line":217,"column":4}},"loc":{"start":{"line":217,"column":42},"end":{"line":245,"column":4}},"line":217},"9":{"name":"(anonymous_9)","decl":{"start":{"line":248,"column":3},"end":{"line":248,"column":4}},"loc":{"start":{"line":248,"column":42},"end":{"line":294,"column":4}},"line":248}},"branchMap":{"0":{"loc":{"start":{"line":44,"column":9},"end":{"line":46,"column":10}},"type":"if","locations":[{"start":{"line":44,"column":9},"end":{"line":46,"column":10}},{"start":{},"end":{}}],"line":44},"1":{"loc":{"start":{"line":50,"column":9},"end":{"line":52,"column":10}},"type":"if","locations":[{"start":{"line":50,"column":9},"end":{"line":52,"column":10}},{"start":{},"end":{}}],"line":50},"2":{"loc":{"start":{"line":112,"column":9},"end":{"line":114,"column":10}},"type":"if","locations":[{"start":{"line":112,"column":9},"end":{"line":114,"column":10}},{"start":{},"end":{}}],"line":112},"3":{"loc":{"start":{"line":144,"column":9},"end":{"line":146,"column":10}},"type":"if","locations":[{"start":{"line":144,"column":9},"end":{"line":146,"column":10}},{"start":{},"end":{}}],"line":144},"4":{"loc":{"start":{"line":175,"column":9},"end":{"line":178,"column":10}},"type":"if","locations":[{"start":{"line":175,"column":9},"end":{"line":178,"column":10}},{"start":{},"end":{}}],"line":175},"5":{"loc":{"start":{"line":175,"column":12},"end":{"line":175,"column":122}},"type":"binary-expr","locations":[{"start":{"line":175,"column":12},"end":{"line":175,"column":27}},{"start":{"line":175,"column":31},"end":{"line":175,"column":46}},{"start":{"line":175,"column":50},"end":{"line":175,"column":65}},{"start":{"line":175,"column":69},"end":{"line":175,"column":84}},{"start":{"line":175,"column":88},"end":{"line":175,"column":103}},{"start":{"line":175,"column":107},"end":{"line":175,"column":122}}],"line":175},"6":{"loc":{"start":{"line":180,"column":9},"end":{"line":183,"column":10}},"type":"if","locations":[{"start":{"line":180,"column":9},"end":{"line":183,"column":10}},{"start":{},"end":{}}],"line":180},"7":{"loc":{"start":{"line":180,"column":12},"end":{"line":180,"column":38}},"type":"binary-expr","locations":[{"start":{"line":180,"column":12},"end":{"line":180,"column":27}},{"start":{"line":180,"column":31},"end":{"line":180,"column":38}}],"line":180},"8":{"loc":{"start":{"line":229,"column":9},"end":{"line":231,"column":10}},"type":"if","locations":[{"start":{"line":229,"column":9},"end":{"line":231,"column":10}},{"start":{},"end":{}}],"line":229},"9":{"loc":{"start":{"line":263,"column":9},"end":{"line":266,"column":10}},"type":"if","locations":[{"start":{"line":263,"column":9},"end":{"line":266,"column":10}},{"start":{},"end":{}}],"line":263},"10":{"loc":{"start":{"line":263,"column":12},"end":{"line":263,"column":122}},"type":"binary-expr","locations":[{"start":{"line":263,"column":12},"end":{"line":263,"column":27}},{"start":{"line":263,"column":31},"end":{"line":263,"column":46}},{"start":{"line":263,"column":50},"end":{"line":263,"column":65}},{"start":{"line":263,"column":69},"end":{"line":263,"column":84}},{"start":{"line":263,"column":88},"end":{"line":263,"column":103}},{"start":{"line":263,"column":107},"end":{"line":263,"column":122}}],"line":263},"11":{"loc":{"start":{"line":268,"column":9},"end":{"line":271,"column":10}},"type":"if","locations":[{"start":{"line":268,"column":9},"end":{"line":271,"column":10}},{"start":{},"end":{}}],"line":268},"12":{"loc":{"start":{"line":268,"column":12},"end":{"line":268,"column":38}},"type":"binary-expr","locations":[{"start":{"line":268,"column":12},"end":{"line":268,"column":27}},{"start":{"line":268,"column":31},"end":{"line":268,"column":38}}],"line":268},"13":{"loc":{"start":{"line":279,"column":9},"end":{"line":281,"column":10}},"type":"if","locations":[{"start":{"line":279,"column":9},"end":{"line":281,"column":10}},{"start":{},"end":{}}],"line":279}},"s":{"0":5,"1":5,"2":5,"3":6,"4":6,"5":6,"6":6,"7":1,"8":1,"9":5,"10":3,"11":3,"12":3,"13":3,"14":1,"15":2,"16":2,"17":1,"18":1,"19":1,"20":1,"21":2,"22":0,"23":0,"24":0,"25":0,"26":0,"27":0,"28":0,"29":0,"30":0,"31":0,"32":0,"33":0,"34":0,"35":0,"36":0,"37":0,"38":0,"39":0,"40":0,"41":0,"42":0,"43":0,"44":0,"45":0,"46":0,"47":0,"48":0,"49":0,"50":0,"51":0,"52":0,"53":0,"54":0,"55":0,"56":0,"57":0,"58":0,"59":0,"60":0,"61":0,"62":0,"63":0,"64":0,"65":0,"66":0,"67":0,"68":0,"69":0,"70":0,"71":0,"72":0,"73":0,"74":0,"75":0,"76":0,"77":0,"78":0,"79":0,"80":0,"81":0,"82":5},"f":{"0":6,"1":3,"2":0,"3":0,"4":0,"5":0,"6":0,"7":0,"8":0,"9":0},"b":{"0":[1,2],"1":[1,1],"2":[0,0],"3":[0,0],"4":[0,0],"5":[0,0,0,0,0,0],"6":[0,0],"7":[0,0],"8":[0,0],"9":[0,0],"10":[0,0,0,0,0,0],"11":[0,0],"12":[0,0],"13":[0,0]},"_coverageSchema":"1a1c01bbd47fc00a2c39e90264f33305004495a9","hash":"a22e3f1c622c4e7059d9f6212873560341ad23c5"}
,"C:\\Users\\dikya\\Downloads\\Hactiv8\\Project Phase 3\\Backend\\controllers\\controllerUser.js": {"path":"C:\\Users\\dikya\\Downloads\\Hactiv8\\Project Phase 3\\Backend\\controllers\\controllerUser.js","statementMap":{"0":{"start":{"line":1,"column":24},"end":{"line":1,"column":52}},"1":{"start":{"line":2,"column":22},"end":{"line":2,"column":47}},"2":{"start":{"line":3,"column":31},"end":{"line":3,"column":51}},"3":{"start":{"line":9,"column":6},"end":{"line":27,"column":4}},"4":{"start":{"line":10,"column":52},"end":{"line":10,"column":60}},"5":{"start":{"line":12,"column":22},"end":{"line":12,"column":28}},"6":{"start":{"line":13,"column":22},"end":{"line":13,"column":81}},"7":{"start":{"line":15,"column":25},"end":{"line":18,"column":10}},"8":{"start":{"line":20,"column":9},"end":{"line":20,"column":52}},"9":{"start":{"line":22,"column":9},"end":{"line":22,"column":75}},"10":{"start":{"line":26,"column":6},"end":{"line":26,"column":18}},"11":{"start":{"line":31,"column":6},"end":{"line":62,"column":7}},"12":{"start":{"line":32,"column":34},"end":{"line":32,"column":42}},"13":{"start":{"line":34,"column":19},"end":{"line":38,"column":8}},"14":{"start":{"line":40,"column":6},"end":{"line":42,"column":7}},"15":{"start":{"line":41,"column":9},"end":{"line":41,"column":50}},"16":{"start":{"line":44,"column":23},"end":{"line":44,"column":59}},"17":{"start":{"line":46,"column":6},"end":{"line":48,"column":7}},"18":{"start":{"line":47,"column":9},"end":{"line":47,"column":50}},"19":{"start":{"line":50,"column":22},"end":{"line":52,"column":7}},"20":{"start":{"line":54,"column":27},"end":{"line":54,"column":45}},"21":{"start":{"line":56,"column":6},"end":{"line":56,"column":45}},"22":{"start":{"line":60,"column":6},"end":{"line":60,"column":18}},"23":{"start":{"line":68,"column":6},"end":{"line":78,"column":7}},"24":{"start":{"line":70,"column":22},"end":{"line":72,"column":11}},"25":{"start":{"line":74,"column":9},"end":{"line":74,"column":35}},"26":{"start":{"line":77,"column":9},"end":{"line":77,"column":20}},"27":{"start":{"line":84,"column":6},"end":{"line":101,"column":7}},"28":{"start":{"line":86,"column":30},"end":{"line":86,"column":40}},"29":{"start":{"line":88,"column":22},"end":{"line":92,"column":11}},"30":{"start":{"line":93,"column":9},"end":{"line":97,"column":10}},"31":{"start":{"line":94,"column":12},"end":{"line":94,"column":49}},"32":{"start":{"line":96,"column":12},"end":{"line":96,"column":38}},"33":{"start":{"line":100,"column":9},"end":{"line":100,"column":20}},"34":{"start":{"line":108,"column":6},"end":{"line":139,"column":7}},"35":{"start":{"line":110,"column":22},"end":{"line":110,"column":32}},"36":{"start":{"line":111,"column":48},"end":{"line":111,"column":56}},"37":{"start":{"line":113,"column":22},"end":{"line":115,"column":11}},"38":{"start":{"line":117,"column":9},"end":{"line":119,"column":10}},"39":{"start":{"line":118,"column":12},"end":{"line":118,"column":45}},"40":{"start":{"line":121,"column":9},"end":{"line":124,"column":10}},"41":{"start":{"line":123,"column":12},"end":{"line":123,"column":65}},"42":{"start":{"line":126,"column":9},"end":{"line":129,"column":10}},"43":{"start":{"line":128,"column":12},"end":{"line":128,"column":65}},"44":{"start":{"line":131,"column":9},"end":{"line":134,"column":10}},"45":{"start":{"line":133,"column":12},"end":{"line":133,"column":65}},"46":{"start":{"line":136,"column":9},"end":{"line":136,"column":35}},"47":{"start":{"line":138,"column":9},"end":{"line":138,"column":20}},"48":{"start":{"line":145,"column":6},"end":{"line":194,"column":7}},"49":{"start":{"line":147,"column":30},"end":{"line":147,"column":40}},"50":{"start":{"line":149,"column":22},"end":{"line":149,"column":54}},"51":{"start":{"line":153,"column":9},"end":{"line":155,"column":10}},"52":{"start":{"line":154,"column":12},"end":{"line":154,"column":49}},"53":{"start":{"line":159,"column":9},"end":{"line":166,"column":10}},"54":{"start":{"line":160,"column":29},"end":{"line":160,"column":46}},"55":{"start":{"line":161,"column":12},"end":{"line":165,"column":14}},"56":{"start":{"line":168,"column":9},"end":{"line":176,"column":10}},"57":{"start":{"line":170,"column":29},"end":{"line":170,"column":46}},"58":{"start":{"line":171,"column":12},"end":{"line":175,"column":14}},"59":{"start":{"line":178,"column":9},"end":{"line":186,"column":10}},"60":{"start":{"line":180,"column":29},"end":{"line":180,"column":46}},"61":{"start":{"line":181,"column":12},"end":{"line":185,"column":14}},"62":{"start":{"line":189,"column":9},"end":{"line":189,"column":89}},"63":{"start":{"line":193,"column":9},"end":{"line":193,"column":20}},"64":{"start":{"line":198,"column":0},"end":{"line":198,"column":32}}},"fnMap":{"0":{"name":"(anonymous_0)","decl":{"start":{"line":8,"column":3},"end":{"line":8,"column":4}},"loc":{"start":{"line":8,"column":41},"end":{"line":28,"column":1}},"line":8},"1":{"name":"(anonymous_1)","decl":{"start":{"line":30,"column":3},"end":{"line":30,"column":4}},"loc":{"start":{"line":30,"column":38},"end":{"line":63,"column":4}},"line":30},"2":{"name":"(anonymous_2)","decl":{"start":{"line":66,"column":3},"end":{"line":66,"column":4}},"loc":{"start":{"line":66,"column":44},"end":{"line":79,"column":4}},"line":66},"3":{"name":"(anonymous_3)","decl":{"start":{"line":82,"column":3},"end":{"line":82,"column":4}},"loc":{"start":{"line":82,"column":48},"end":{"line":103,"column":4}},"line":82},"4":{"name":"(anonymous_4)","decl":{"start":{"line":106,"column":3},"end":{"line":106,"column":4}},"loc":{"start":{"line":106,"column":59},"end":{"line":140,"column":4}},"line":106},"5":{"name":"(anonymous_5)","decl":{"start":{"line":142,"column":3},"end":{"line":142,"column":4}},"loc":{"start":{"line":142,"column":43},"end":{"line":195,"column":4}},"line":142}},"branchMap":{"0":{"loc":{"start":{"line":40,"column":6},"end":{"line":42,"column":7}},"type":"if","locations":[{"start":{"line":40,"column":6},"end":{"line":42,"column":7}},{"start":{},"end":{}}],"line":40},"1":{"loc":{"start":{"line":46,"column":6},"end":{"line":48,"column":7}},"type":"if","locations":[{"start":{"line":46,"column":6},"end":{"line":48,"column":7}},{"start":{},"end":{}}],"line":46},"2":{"loc":{"start":{"line":93,"column":9},"end":{"line":97,"column":10}},"type":"if","locations":[{"start":{"line":93,"column":9},"end":{"line":97,"column":10}},{"start":{"line":95,"column":16},"end":{"line":97,"column":10}}],"line":93},"3":{"loc":{"start":{"line":117,"column":9},"end":{"line":119,"column":10}},"type":"if","locations":[{"start":{"line":117,"column":9},"end":{"line":119,"column":10}},{"start":{},"end":{}}],"line":117},"4":{"loc":{"start":{"line":121,"column":9},"end":{"line":124,"column":10}},"type":"if","locations":[{"start":{"line":121,"column":9},"end":{"line":124,"column":10}},{"start":{},"end":{}}],"line":121},"5":{"loc":{"start":{"line":121,"column":12},"end":{"line":121,"column":54}},"type":"binary-expr","locations":[{"start":{"line":121,"column":12},"end":{"line":121,"column":33}},{"start":{"line":121,"column":37},"end":{"line":121,"column":54}}],"line":121},"6":{"loc":{"start":{"line":126,"column":9},"end":{"line":129,"column":10}},"type":"if","locations":[{"start":{"line":126,"column":9},"end":{"line":129,"column":10}},{"start":{},"end":{}}],"line":126},"7":{"loc":{"start":{"line":126,"column":12},"end":{"line":126,"column":54}},"type":"binary-expr","locations":[{"start":{"line":126,"column":12},"end":{"line":126,"column":33}},{"start":{"line":126,"column":37},"end":{"line":126,"column":54}}],"line":126},"8":{"loc":{"start":{"line":131,"column":9},"end":{"line":134,"column":10}},"type":"if","locations":[{"start":{"line":131,"column":9},"end":{"line":134,"column":10}},{"start":{},"end":{}}],"line":131},"9":{"loc":{"start":{"line":131,"column":12},"end":{"line":131,"column":54}},"type":"binary-expr","locations":[{"start":{"line":131,"column":12},"end":{"line":131,"column":33}},{"start":{"line":131,"column":37},"end":{"line":131,"column":54}}],"line":131},"10":{"loc":{"start":{"line":153,"column":9},"end":{"line":155,"column":10}},"type":"if","locations":[{"start":{"line":153,"column":9},"end":{"line":155,"column":10}},{"start":{},"end":{}}],"line":153},"11":{"loc":{"start":{"line":159,"column":9},"end":{"line":166,"column":10}},"type":"if","locations":[{"start":{"line":159,"column":9},"end":{"line":166,"column":10}},{"start":{},"end":{}}],"line":159},"12":{"loc":{"start":{"line":168,"column":9},"end":{"line":176,"column":10}},"type":"if","locations":[{"start":{"line":168,"column":9},"end":{"line":176,"column":10}},{"start":{},"end":{}}],"line":168},"13":{"loc":{"start":{"line":178,"column":9},"end":{"line":186,"column":10}},"type":"if","locations":[{"start":{"line":178,"column":9},"end":{"line":186,"column":10}},{"start":{},"end":{}}],"line":178}},"s":{"0":5,"1":5,"2":5,"3":6,"4":6,"5":6,"6":6,"7":1,"8":1,"9":1,"10":5,"11":3,"12":3,"13":3,"14":3,"15":1,"16":2,"17":2,"18":1,"19":1,"20":1,"21":1,"22":2,"23":1,"24":1,"25":1,"26":0,"27":2,"28":2,"29":2,"30":2,"31":1,"32":1,"33":1,"34":3,"35":3,"36":3,"37":3,"38":3,"39":1,"40":2,"41":1,"42":1,"43":0,"44":1,"45":0,"46":1,"47":2,"48":1,"49":1,"50":1,"51":1,"52":0,"53":1,"54":1,"55":1,"56":1,"57":0,"58":0,"59":1,"60":0,"61":0,"62":1,"63":0,"64":5},"f":{"0":6,"1":3,"2":1,"3":2,"4":3,"5":1},"b":{"0":[1,2],"1":[1,1],"2":[1,1],"3":[1,2],"4":[1,1],"5":[2,2],"6":[0,1],"7":[1,0],"8":[0,1],"9":[1,0],"10":[0,1],"11":[1,0],"12":[0,1],"13":[0,1]},"_coverageSchema":"1a1c01bbd47fc00a2c39e90264f33305004495a9","hash":"f5ac77af7d7dfc016532803976829ce5d2a95b90"}
,"C:\\Users\\dikya\\Downloads\\Hactiv8\\Project Phase 3\\Backend\\helpers\\bcrypt.js": {"path":"C:\\Users\\dikya\\Downloads\\Hactiv8\\Project Phase 3\\Backend\\helpers\\bcrypt.js","statementMap":{"0":{"start":{"line":1,"column":15},"end":{"line":1,"column":34}},"1":{"start":{"line":3,"column":21},"end":{"line":5,"column":1}},"2":{"start":{"line":4,"column":2},"end":{"line":4,"column":39}},"3":{"start":{"line":7,"column":20},"end":{"line":9,"column":1}},"4":{"start":{"line":8,"column":2},"end":{"line":8,"column":46}},"5":{"start":{"line":11,"column":0},"end":{"line":11,"column":47}}},"fnMap":{"0":{"name":"(anonymous_0)","decl":{"start":{"line":3,"column":21},"end":{"line":3,"column":22}},"loc":{"start":{"line":3,"column":35},"end":{"line":5,"column":1}},"line":3},"1":{"name":"(anonymous_1)","decl":{"start":{"line":7,"column":20},"end":{"line":7,"column":21}},"loc":{"start":{"line":7,"column":42},"end":{"line":9,"column":1}},"line":7}},"branchMap":{},"s":{"0":5,"1":5,"2":19,"3":5,"4":4,"5":5},"f":{"0":19,"1":4},"b":{},"_coverageSchema":"1a1c01bbd47fc00a2c39e90264f33305004495a9","hash":"aa599e64c49f340f42d78e177980b36007a041ed"}
,"C:\\Users\\dikya\\Downloads\\Hactiv8\\Project Phase 3\\Backend\\helpers\\jwt.js": {"path":"C:\\Users\\dikya\\Downloads\\Hactiv8\\Project Phase 3\\Backend\\helpers\\jwt.js","statementMap":{"0":{"start":{"line":1,"column":12},"end":{"line":1,"column":35}},"1":{"start":{"line":2,"column":17},"end":{"line":2,"column":39}},"2":{"start":{"line":4,"column":18},"end":{"line":6,"column":1}},"3":{"start":{"line":5,"column":2},"end":{"line":5,"column":37}},"4":{"start":{"line":8,"column":20},"end":{"line":10,"column":1}},"5":{"start":{"line":9,"column":2},"end":{"line":9,"column":37}},"6":{"start":{"line":12,"column":0},"end":{"line":12,"column":44}}},"fnMap":{"0":{"name":"(anonymous_0)","decl":{"start":{"line":4,"column":18},"end":{"line":4,"column":19}},"loc":{"start":{"line":4,"column":31},"end":{"line":6,"column":1}},"line":4},"1":{"name":"(anonymous_1)","decl":{"start":{"line":8,"column":20},"end":{"line":8,"column":21}},"loc":{"start":{"line":8,"column":31},"end":{"line":10,"column":1}},"line":8}},"branchMap":{},"s":{"0":5,"1":5,"2":5,"3":6,"4":5,"5":8,"6":5},"f":{"0":6,"1":8},"b":{},"_coverageSchema":"1a1c01bbd47fc00a2c39e90264f33305004495a9","hash":"1956f2068ade06ff47261aa8732a5047890437e5"}
,"C:\\Users\\dikya\\Downloads\\Hactiv8\\Project Phase 3\\Backend\\middlewares\\authentication.js": {"path":"C:\\Users\\dikya\\Downloads\\Hactiv8\\Project Phase 3\\Backend\\middlewares\\authentication.js","statementMap":{"0":{"start":{"line":1,"column":24},"end":{"line":1,"column":49}},"1":{"start":{"line":2,"column":15},"end":{"line":2,"column":35}},"2":{"start":{"line":4,"column":28},"end":{"line":37,"column":1}},"3":{"start":{"line":6,"column":3},"end":{"line":36,"column":4}},"4":{"start":{"line":8,"column":29},"end":{"line":8,"column":40}},"5":{"start":{"line":9,"column":6},"end":{"line":9,"column":31}},"6":{"start":{"line":11,"column":6},"end":{"line":13,"column":7}},"7":{"start":{"line":12,"column":9},"end":{"line":12,"column":38}},"8":{"start":{"line":15,"column":19},"end":{"line":15,"column":44}},"9":{"start":{"line":17,"column":23},"end":{"line":17,"column":51}},"10":{"start":{"line":19,"column":6},"end":{"line":21,"column":7}},"11":{"start":{"line":20,"column":9},"end":{"line":20,"column":38}},"12":{"start":{"line":24,"column":6},"end":{"line":29,"column":7}},"13":{"start":{"line":32,"column":6},"end":{"line":32,"column":12}},"14":{"start":{"line":35,"column":6},"end":{"line":35,"column":17}},"15":{"start":{"line":40,"column":0},"end":{"line":40,"column":36}}},"fnMap":{"0":{"name":"(anonymous_0)","decl":{"start":{"line":4,"column":28},"end":{"line":4,"column":29}},"loc":{"start":{"line":4,"column":54},"end":{"line":37,"column":1}},"line":4}},"branchMap":{"0":{"loc":{"start":{"line":11,"column":6},"end":{"line":13,"column":7}},"type":"if","locations":[{"start":{"line":11,"column":6},"end":{"line":13,"column":7}},{"start":{},"end":{}}],"line":11},"1":{"loc":{"start":{"line":19,"column":6},"end":{"line":21,"column":7}},"type":"if","locations":[{"start":{"line":19,"column":6},"end":{"line":21,"column":7}},{"start":{},"end":{}}],"line":19}},"s":{"0":5,"1":5,"2":5,"3":11,"4":11,"5":11,"6":11,"7":3,"8":8,"9":8,"10":8,"11":0,"12":8,"13":8,"14":3,"15":5},"f":{"0":11},"b":{"0":[3,8],"1":[0,8]},"_coverageSchema":"1a1c01bbd47fc00a2c39e90264f33305004495a9","hash":"8edd44c0500c517a9945cd5567ab2473260b086b"}
,"C:\\Users\\dikya\\Downloads\\Hactiv8\\Project Phase 3\\Backend\\middlewares\\errorHandler.js": {"path":"C:\\Users\\dikya\\Downloads\\Hactiv8\\Project Phase 3\\Backend\\middlewares\\errorHandler.js","statementMap":{"0":{"start":{"line":1,"column":21},"end":{"line":34,"column":1}},"1":{"start":{"line":3,"column":13},"end":{"line":3,"column":16}},"2":{"start":{"line":4,"column":16},"end":{"line":4,"column":39}},"3":{"start":{"line":6,"column":2},"end":{"line":30,"column":3}},"4":{"start":{"line":7,"column":5},"end":{"line":7,"column":13}},"5":{"start":{"line":8,"column":5},"end":{"line":8,"column":30}},"6":{"start":{"line":9,"column":9},"end":{"line":30,"column":3}},"7":{"start":{"line":10,"column":5},"end":{"line":10,"column":13}},"8":{"start":{"line":11,"column":5},"end":{"line":11,"column":36}},"9":{"start":{"line":12,"column":9},"end":{"line":30,"column":3}},"10":{"start":{"line":13,"column":5},"end":{"line":13,"column":13}},"11":{"start":{"line":14,"column":5},"end":{"line":14,"column":23}},"12":{"start":{"line":15,"column":9},"end":{"line":30,"column":3}},"13":{"start":{"line":16,"column":5},"end":{"line":16,"column":15}},"14":{"start":{"line":17,"column":5},"end":{"line":17,"column":23}},"15":{"start":{"line":18,"column":9},"end":{"line":30,"column":3}},"16":{"start":{"line":19,"column":5},"end":{"line":19,"column":15}},"17":{"start":{"line":20,"column":5},"end":{"line":20,"column":23}},"18":{"start":{"line":21,"column":9},"end":{"line":30,"column":3}},"19":{"start":{"line":22,"column":5},"end":{"line":22,"column":15}},"20":{"start":{"line":23,"column":5},"end":{"line":23,"column":23}},"21":{"start":{"line":24,"column":9},"end":{"line":30,"column":3}},"22":{"start":{"line":25,"column":5},"end":{"line":25,"column":15}},"23":{"start":{"line":26,"column":5},"end":{"line":26,"column":23}},"24":{"start":{"line":27,"column":9},"end":{"line":30,"column":3}},"25":{"start":{"line":28,"column":5},"end":{"line":28,"column":15}},"26":{"start":{"line":29,"column":5},"end":{"line":29,"column":23}},"27":{"start":{"line":31,"column":2},"end":{"line":31,"column":18}},"28":{"start":{"line":32,"column":2},"end":{"line":32,"column":61}},"29":{"start":{"line":33,"column":2},"end":{"line":33,"column":34}},"30":{"start":{"line":36,"column":0},"end":{"line":36,"column":30}}},"fnMap":{"0":{"name":"(anonymous_0)","decl":{"start":{"line":1,"column":21},"end":{"line":1,"column":22}},"loc":{"start":{"line":1,"column":46},"end":{"line":34,"column":1}},"line":1}},"branchMap":{"0":{"loc":{"start":{"line":6,"column":2},"end":{"line":30,"column":3}},"type":"if","locations":[{"start":{"line":6,"column":2},"end":{"line":30,"column":3}},{"start":{"line":9,"column":9},"end":{"line":30,"column":3}}],"line":6},"1":{"loc":{"start":{"line":6,"column":5},"end":{"line":6,"column":69}},"type":"binary-expr","locations":[{"start":{"line":6,"column":5},"end":{"line":6,"column":33}},{"start":{"line":6,"column":37},"end":{"line":6,"column":69}}],"line":6},"2":{"loc":{"start":{"line":9,"column":9},"end":{"line":30,"column":3}},"type":"if","locations":[{"start":{"line":9,"column":9},"end":{"line":30,"column":3}},{"start":{"line":12,"column":9},"end":{"line":30,"column":3}}],"line":9},"3":{"loc":{"start":{"line":9,"column":12},"end":{"line":9,"column":100}},"type":"binary-expr","locations":[{"start":{"line":9,"column":12},"end":{"line":9,"column":51}},{"start":{"line":9,"column":55},"end":{"line":9,"column":100}}],"line":9},"4":{"loc":{"start":{"line":12,"column":9},"end":{"line":30,"column":3}},"type":"if","locations":[{"start":{"line":12,"column":9},"end":{"line":30,"column":3}},{"start":{"line":15,"column":9},"end":{"line":30,"column":3}}],"line":12},"5":{"loc":{"start":{"line":15,"column":9},"end":{"line":30,"column":3}},"type":"if","locations":[{"start":{"line":15,"column":9},"end":{"line":30,"column":3}},{"start":{"line":18,"column":9},"end":{"line":30,"column":3}}],"line":15},"6":{"loc":{"start":{"line":18,"column":9},"end":{"line":30,"column":3}},"type":"if","locations":[{"start":{"line":18,"column":9},"end":{"line":30,"column":3}},{"start":{"line":21,"column":9},"end":{"line":30,"column":3}}],"line":18},"7":{"loc":{"start":{"line":21,"column":9},"end":{"line":30,"column":3}},"type":"if","locations":[{"start":{"line":21,"column":9},"end":{"line":30,"column":3}},{"start":{"line":24,"column":9},"end":{"line":30,"column":3}}],"line":21},"8":{"loc":{"start":{"line":24,"column":9},"end":{"line":30,"column":3}},"type":"if","locations":[{"start":{"line":24,"column":9},"end":{"line":30,"column":3}},{"start":{"line":27,"column":9},"end":{"line":30,"column":3}}],"line":24},"9":{"loc":{"start":{"line":27,"column":9},"end":{"line":30,"column":3}},"type":"if","locations":[{"start":{"line":27,"column":9},"end":{"line":30,"column":3}},{"start":{},"end":{}}],"line":27}},"s":{"0":5,"1":20,"2":20,"3":20,"4":3,"5":3,"6":17,"7":10,"8":10,"9":7,"10":4,"11":4,"12":3,"13":1,"14":1,"15":2,"16":0,"17":0,"18":2,"19":0,"20":0,"21":2,"22":1,"23":1,"24":1,"25":1,"26":1,"27":20,"28":20,"29":20,"30":5},"f":{"0":20},"b":{"0":[3,17],"1":[20,17],"2":[10,7],"3":[17,9],"4":[4,3],"5":[1,2],"6":[0,2],"7":[0,2],"8":[1,1],"9":[1,0]},"_coverageSchema":"1a1c01bbd47fc00a2c39e90264f33305004495a9","hash":"daab33d8cff3139b67d034cab5973da7cebf5b3f"}
,"C:\\Users\\dikya\\Downloads\\Hactiv8\\Project Phase 3\\Backend\\models\\category.js": {"path":"C:\\Users\\dikya\\Downloads\\Hactiv8\\Project Phase 3\\Backend\\models\\category.js","statementMap":{"0":{"start":{"line":4,"column":4},"end":{"line":4,"column":24}},"1":{"start":{"line":5,"column":0},"end":{"line":25,"column":2}},"2":{"start":{"line":13,"column":6},"end":{"line":15,"column":8}},"3":{"start":{"line":18,"column":2},"end":{"line":23,"column":5}},"4":{"start":{"line":24,"column":2},"end":{"line":24,"column":18}}},"fnMap":{"0":{"name":"(anonymous_0)","decl":{"start":{"line":5,"column":17},"end":{"line":5,"column":18}},"loc":{"start":{"line":5,"column":43},"end":{"line":25,"column":1}},"line":5},"1":{"name":"(anonymous_1)","decl":{"start":{"line":12,"column":4},"end":{"line":12,"column":5}},"loc":{"start":{"line":12,"column":29},"end":{"line":16,"column":5}},"line":12}},"branchMap":{},"s":{"0":5,"1":5,"2":5,"3":5,"4":5},"f":{"0":5,"1":5},"b":{},"_coverageSchema":"1a1c01bbd47fc00a2c39e90264f33305004495a9","hash":"e22c47c1cba1db8c747f7d6e6917a88afdb3aba3"}
,"C:\\Users\\dikya\\Downloads\\Hactiv8\\Project Phase 3\\Backend\\models\\game.js": {"path":"C:\\Users\\dikya\\Downloads\\Hactiv8\\Project Phase 3\\Backend\\models\\game.js","statementMap":{"0":{"start":{"line":4,"column":4},"end":{"line":4,"column":24}},"1":{"start":{"line":5,"column":0},"end":{"line":44,"column":2}},"2":{"start":{"line":13,"column":6},"end":{"line":15,"column":8}},"3":{"start":{"line":18,"column":2},"end":{"line":42,"column":5}},"4":{"start":{"line":43,"column":2},"end":{"line":43,"column":14}}},"fnMap":{"0":{"name":"(anonymous_0)","decl":{"start":{"line":5,"column":17},"end":{"line":5,"column":18}},"loc":{"start":{"line":5,"column":43},"end":{"line":44,"column":1}},"line":5},"1":{"name":"(anonymous_1)","decl":{"start":{"line":12,"column":4},"end":{"line":12,"column":5}},"loc":{"start":{"line":12,"column":29},"end":{"line":16,"column":5}},"line":12}},"branchMap":{},"s":{"0":5,"1":5,"2":5,"3":5,"4":5},"f":{"0":5,"1":5},"b":{},"_coverageSchema":"1a1c01bbd47fc00a2c39e90264f33305004495a9","hash":"986dbd889812917d3c8432ec8a99e0081720838b"}
,"C:\\Users\\dikya\\Downloads\\Hactiv8\\Project Phase 3\\Backend\\models\\index.js": {"path":"C:\\Users\\dikya\\Downloads\\Hactiv8\\Project Phase 3\\Backend\\models\\index.js","statementMap":{"0":{"start":{"line":3,"column":11},"end":{"line":3,"column":24}},"1":{"start":{"line":4,"column":13},"end":{"line":4,"column":28}},"2":{"start":{"line":5,"column":18},"end":{"line":5,"column":38}},"3":{"start":{"line":6,"column":16},"end":{"line":6,"column":34}},"4":{"start":{"line":7,"column":17},"end":{"line":7,"column":42}},"5":{"start":{"line":8,"column":12},"end":{"line":8,"column":49}},"6":{"start":{"line":9,"column":15},"end":{"line":9,"column":65}},"7":{"start":{"line":10,"column":11},"end":{"line":10,"column":13}},"8":{"start":{"line":13,"column":0},"end":{"line":17,"column":1}},"9":{"start":{"line":14,"column":2},"end":{"line":14,"column":74}},"10":{"start":{"line":16,"column":2},"end":{"line":16,"column":87}},"11":{"start":{"line":19,"column":0},"end":{"line":32,"column":5}},"12":{"start":{"line":22,"column":4},"end":{"line":27,"column":6}},"13":{"start":{"line":30,"column":18},"end":{"line":30,"column":85}},"14":{"start":{"line":31,"column":4},"end":{"line":31,"column":27}},"15":{"start":{"line":34,"column":0},"end":{"line":38,"column":3}},"16":{"start":{"line":35,"column":2},"end":{"line":37,"column":3}},"17":{"start":{"line":36,"column":4},"end":{"line":36,"column":32}},"18":{"start":{"line":40,"column":0},"end":{"line":40,"column":25}},"19":{"start":{"line":41,"column":0},"end":{"line":41,"column":25}},"20":{"start":{"line":43,"column":0},"end":{"line":43,"column":20}}},"fnMap":{"0":{"name":"(anonymous_0)","decl":{"start":{"line":21,"column":10},"end":{"line":21,"column":11}},"loc":{"start":{"line":21,"column":18},"end":{"line":28,"column":3}},"line":21},"1":{"name":"(anonymous_1)","decl":{"start":{"line":29,"column":11},"end":{"line":29,"column":12}},"loc":{"start":{"line":29,"column":19},"end":{"line":32,"column":3}},"line":29},"2":{"name":"(anonymous_2)","decl":{"start":{"line":34,"column":24},"end":{"line":34,"column":25}},"loc":{"start":{"line":34,"column":37},"end":{"line":38,"column":1}},"line":34}},"branchMap":{"0":{"loc":{"start":{"line":8,"column":12},"end":{"line":8,"column":49}},"type":"binary-expr","locations":[{"start":{"line":8,"column":12},"end":{"line":8,"column":32}},{"start":{"line":8,"column":36},"end":{"line":8,"column":49}}],"line":8},"1":{"loc":{"start":{"line":13,"column":0},"end":{"line":17,"column":1}},"type":"if","locations":[{"start":{"line":13,"column":0},"end":{"line":17,"column":1}},{"start":{"line":15,"column":7},"end":{"line":17,"column":1}}],"line":13},"2":{"loc":{"start":{"line":23,"column":6},"end":{"line":26,"column":37}},"type":"binary-expr","locations":[{"start":{"line":23,"column":6},"end":{"line":23,"column":29}},{"start":{"line":24,"column":6},"end":{"line":24,"column":23}},{"start":{"line":25,"column":6},"end":{"line":25,"column":30}},{"start":{"line":26,"column":6},"end":{"line":26,"column":37}}],"line":23},"3":{"loc":{"start":{"line":35,"column":2},"end":{"line":37,"column":3}},"type":"if","locations":[{"start":{"line":35,"column":2},"end":{"line":37,"column":3}},{"start":{},"end":{}}],"line":35}},"s":{"0":5,"1":5,"2":5,"3":5,"4":5,"5":5,"6":5,"7":5,"8":5,"9":0,"10":5,"11":5,"12":20,"13":15,"14":15,"15":5,"16":15,"17":15,"18":5,"19":5,"20":5},"f":{"0":20,"1":15,"2":15},"b":{"0":[5,0],"1":[0,5],"2":[20,20,15,15],"3":[15,0]},"_coverageSchema":"1a1c01bbd47fc00a2c39e90264f33305004495a9","hash":"1c41468863be0201193032ff69a7d77b20df67d8"}
,"C:\\Users\\dikya\\Downloads\\Hactiv8\\Project Phase 3\\Backend\\models\\user.js": {"path":"C:\\Users\\dikya\\Downloads\\Hactiv8\\Project Phase 3\\Backend\\models\\user.js","statementMap":{"0":{"start":{"line":4,"column":4},"end":{"line":4,"column":24}},"1":{"start":{"line":5,"column":25},"end":{"line":5,"column":53}},"2":{"start":{"line":6,"column":0},"end":{"line":98,"column":2}},"3":{"start":{"line":17,"column":3},"end":{"line":92,"column":6}},"4":{"start":{"line":94,"column":3},"end":{"line":96,"column":6}},"5":{"start":{"line":95,"column":6},"end":{"line":95,"column":58}},"6":{"start":{"line":97,"column":3},"end":{"line":97,"column":15}}},"fnMap":{"0":{"name":"(anonymous_0)","decl":{"start":{"line":6,"column":17},"end":{"line":6,"column":18}},"loc":{"start":{"line":6,"column":43},"end":{"line":98,"column":1}},"line":6},"1":{"name":"(anonymous_1)","decl":{"start":{"line":13,"column":6},"end":{"line":13,"column":7}},"loc":{"start":{"line":13,"column":31},"end":{"line":15,"column":7}},"line":13},"2":{"name":"(anonymous_2)","decl":{"start":{"line":94,"column":21},"end":{"line":94,"column":22}},"loc":{"start":{"line":94,"column":44},"end":{"line":96,"column":4}},"line":94}},"branchMap":{},"s":{"0":5,"1":5,"2":5,"3":5,"4":5,"5":9,"6":5},"f":{"0":5,"1":5,"2":9},"b":{},"_coverageSchema":"1a1c01bbd47fc00a2c39e90264f33305004495a9","hash":"352e58c3ceb29987e8e9e05a8067954182983793"}
,"C:\\Users\\dikya\\Downloads\\Hactiv8\\Project Phase 3\\Backend\\routes\\router.js": {"path":"C:\\Users\\dikya\\Downloads\\Hactiv8\\Project Phase 3\\Backend\\routes\\router.js","statementMap":{"0":{"start":{"line":1,"column":15},"end":{"line":1,"column":42}},"1":{"start":{"line":2,"column":24},"end":{"line":2,"column":52}},"2":{"start":{"line":3,"column":23},"end":{"line":3,"column":50}},"3":{"start":{"line":4,"column":28},"end":{"line":4,"column":60}},"4":{"start":{"line":5,"column":27},"end":{"line":5,"column":58}},"5":{"start":{"line":7,"column":0},"end":{"line":7,"column":37}},"6":{"start":{"line":8,"column":0},"end":{"line":8,"column":34}},"7":{"start":{"line":9,"column":0},"end":{"line":9,"column":52}},"8":{"start":{"line":10,"column":0},"end":{"line":10,"column":49}},"9":{"start":{"line":12,"column":0},"end":{"line":12,"column":23}}},"fnMap":{},"branchMap":{},"s":{"0":5,"1":5,"2":5,"3":5,"4":5,"5":5,"6":5,"7":5,"8":5,"9":5},"f":{},"b":{},"_coverageSchema":"1a1c01bbd47fc00a2c39e90264f33305004495a9","hash":"2e11ca7f4509161c35fc66ee6ba6ae2b2e4e9f91"}
,"C:\\Users\\dikya\\Downloads\\Hactiv8\\Project Phase 3\\Backend\\routes\\routerCategoryAdmin.js": {"path":"C:\\Users\\dikya\\Downloads\\Hactiv8\\Project Phase 3\\Backend\\routes\\routerCategoryAdmin.js","statementMap":{"0":{"start":{"line":1,"column":28},"end":{"line":1,"column":55}},"1":{"start":{"line":2,"column":24},"end":{"line":2,"column":65}},"2":{"start":{"line":3,"column":23},"end":{"line":3,"column":63}},"3":{"start":{"line":5,"column":0},"end":{"line":5,"column":39}},"4":{"start":{"line":7,"column":0},"end":{"line":7,"column":61}},"5":{"start":{"line":8,"column":0},"end":{"line":8,"column":57}},"6":{"start":{"line":9,"column":0},"end":{"line":9,"column":66}},"7":{"start":{"line":10,"column":0},"end":{"line":10,"column":63}},"8":{"start":{"line":13,"column":0},"end":{"line":13,"column":36}}},"fnMap":{},"branchMap":{},"s":{"0":5,"1":5,"2":5,"3":5,"4":5,"5":5,"6":5,"7":5,"8":5},"f":{},"b":{},"_coverageSchema":"1a1c01bbd47fc00a2c39e90264f33305004495a9","hash":"a70d831ad6c843d8612744fb2cb876c753b21883"}
,"C:\\Users\\dikya\\Downloads\\Hactiv8\\Project Phase 3\\Backend\\routes\\routerCategoryUser.js": {"path":"C:\\Users\\dikya\\Downloads\\Hactiv8\\Project Phase 3\\Backend\\routes\\routerCategoryUser.js","statementMap":{"0":{"start":{"line":1,"column":27},"end":{"line":1,"column":54}},"1":{"start":{"line":2,"column":23},"end":{"line":2,"column":63}},"2":{"start":{"line":3,"column":23},"end":{"line":3,"column":63}},"3":{"start":{"line":5,"column":0},"end":{"line":5,"column":38}},"4":{"start":{"line":7,"column":0},"end":{"line":7,"column":55}},"5":{"start":{"line":10,"column":0},"end":{"line":10,"column":35}}},"fnMap":{},"branchMap":{},"s":{"0":5,"1":5,"2":5,"3":5,"4":5,"5":5},"f":{},"b":{},"_coverageSchema":"1a1c01bbd47fc00a2c39e90264f33305004495a9","hash":"7577f5fa82f0219e4ebdd3f81dc80e3a3c015444"}
,"C:\\Users\\dikya\\Downloads\\Hactiv8\\Project Phase 3\\Backend\\routes\\routerGameAdmin.js": {"path":"C:\\Users\\dikya\\Downloads\\Hactiv8\\Project Phase 3\\Backend\\routes\\routerGameAdmin.js","statementMap":{"0":{"start":{"line":1,"column":24},"end":{"line":1,"column":51}},"1":{"start":{"line":2,"column":24},"end":{"line":2,"column":65}},"2":{"start":{"line":3,"column":23},"end":{"line":3,"column":63}},"3":{"start":{"line":6,"column":0},"end":{"line":6,"column":59}},"4":{"start":{"line":7,"column":0},"end":{"line":7,"column":53}},"5":{"start":{"line":9,"column":0},"end":{"line":9,"column":35}},"6":{"start":{"line":11,"column":0},"end":{"line":11,"column":67}},"7":{"start":{"line":12,"column":0},"end":{"line":12,"column":63}},"8":{"start":{"line":13,"column":0},"end":{"line":13,"column":73}},"9":{"start":{"line":14,"column":0},"end":{"line":14,"column":70}},"10":{"start":{"line":16,"column":0},"end":{"line":16,"column":58}},"11":{"start":{"line":17,"column":0},"end":{"line":17,"column":55}},"12":{"start":{"line":18,"column":0},"end":{"line":18,"column":64}},"13":{"start":{"line":19,"column":0},"end":{"line":19,"column":61}},"14":{"start":{"line":22,"column":0},"end":{"line":22,"column":32}}},"fnMap":{},"branchMap":{},"s":{"0":5,"1":5,"2":5,"3":5,"4":5,"5":5,"6":5,"7":5,"8":5,"9":5,"10":5,"11":5,"12":5,"13":5,"14":5},"f":{},"b":{},"_coverageSchema":"1a1c01bbd47fc00a2c39e90264f33305004495a9","hash":"a25d19383d7c5f4f769ce0c00cb8eb1582912035"}
,"C:\\Users\\dikya\\Downloads\\Hactiv8\\Project Phase 3\\Backend\\routes\\routerGameUser.js": {"path":"C:\\Users\\dikya\\Downloads\\Hactiv8\\Project Phase 3\\Backend\\routes\\routerGameUser.js","statementMap":{"0":{"start":{"line":1,"column":19},"end":{"line":1,"column":46}},"1":{"start":{"line":2,"column":23},"end":{"line":2,"column":63}},"2":{"start":{"line":3,"column":23},"end":{"line":3,"column":63}},"3":{"start":{"line":5,"column":0},"end":{"line":5,"column":54}},"4":{"start":{"line":6,"column":0},"end":{"line":6,"column":48}},"5":{"start":{"line":8,"column":0},"end":{"line":8,"column":30}},"6":{"start":{"line":10,"column":0},"end":{"line":10,"column":68}},"7":{"start":{"line":11,"column":0},"end":{"line":11,"column":75}},"8":{"start":{"line":12,"column":0},"end":{"line":12,"column":71}},"9":{"start":{"line":14,"column":0},"end":{"line":14,"column":28}}},"fnMap":{},"branchMap":{},"s":{"0":5,"1":5,"2":5,"3":5,"4":5,"5":5,"6":5,"7":5,"8":5,"9":5},"f":{},"b":{},"_coverageSchema":"1a1c01bbd47fc00a2c39e90264f33305004495a9","hash":"6dfda21a87f50a39a34737b862f9c4f8aa3aa3a8"}
}
