TN:
SF:app.js
FNF:0
FNH:0
DA:1,6
DA:2,6
DA:3,6
DA:4,6
DA:5,6
DA:6,6
DA:7,6
DA:9,6
DA:10,6
DA:11,6
DA:12,6
DA:14,6
DA:20,6
LF:13
LH:13
BRF:0
BRH:0
end_of_record
TN:
SF:controllers\controllerAdmin.js
FN:7,(anonymous_0)
FN:31,(anonymous_1)
FN:68,(anonymous_2)
FN:85,(anonymous_3)
FN:100,(anonymous_4)
FN:131,(anonymous_5)
FN:167,(anonymous_6)
FN:200,(anonymous_7)
FN:221,(anonymous_8)
FN:254,(anonymous_9)
FNF:10
FNH:10
FNDA:6,(anonymous_0)
FNDA:3,(anonymous_1)
FNDA:3,(anonymous_2)
FNDA:1,(anonymous_3)
FNDA:2,(anonymous_4)
FNDA:3,(anonymous_5)
FNDA:4,(anonymous_6)
FNDA:1,(anonymous_7)
FNDA:2,(anonymous_8)
FNDA:4,(anonymous_9)
DA:1,6
DA:2,6
DA:3,6
DA:9,6
DA:11,6
DA:13,6
DA:14,6
DA:16,1
DA:21,1
DA:24,5
DA:34,3
DA:36,3
DA:38,3
DA:44,3
DA:45,1
DA:48,2
DA:50,2
DA:51,1
DA:54,1
DA:58,1
DA:60,1
DA:63,2
DA:70,3
DA:72,3
DA:74,3
DA:76,1
DA:79,2
DA:87,1
DA:89,1
DA:93,1
DA:96,0
DA:102,2
DA:104,2
DA:106,2
DA:112,2
DA:113,1
DA:116,1
DA:122,1
DA:126,1
DA:133,3
DA:135,3
DA:136,3
DA:138,3
DA:139,1
DA:142,2
DA:148,2
DA:149,1
DA:152,1
DA:158,1
DA:162,2
DA:169,4
DA:177,4
DA:179,4
DA:181,2
DA:184,2
DA:186,1
DA:189,1
DA:191,1
DA:194,3
DA:203,1
DA:205,1
DA:212,1
DA:215,0
DA:223,2
DA:225,2
DA:227,2
DA:229,2
DA:235,2
DA:236,1
DA:239,1
DA:245,1
DA:249,1
DA:257,4
DA:259,4
DA:267,4
DA:269,4
DA:271,1
DA:274,3
DA:276,1
DA:279,2
DA:285,2
DA:286,1
DA:289,1
DA:295,1
DA:298,3
DA:304,6
LF:86
LH:84
BRDA:44,0,0,1
BRDA:44,0,1,2
BRDA:50,1,0,1
BRDA:50,1,1,1
BRDA:112,2,0,1
BRDA:112,2,1,1
BRDA:138,3,0,1
BRDA:138,3,1,2
BRDA:148,4,0,1
BRDA:148,4,1,1
BRDA:179,5,0,2
BRDA:179,5,1,2
BRDA:179,6,0,4
BRDA:179,6,1,4
BRDA:179,6,2,2
BRDA:179,6,3,2
BRDA:179,6,4,2
BRDA:179,6,5,2
BRDA:179,6,6,2
BRDA:179,6,7,2
BRDA:184,7,0,1
BRDA:184,7,1,1
BRDA:184,8,0,2
BRDA:184,8,1,2
BRDA:235,9,0,1
BRDA:235,9,1,1
BRDA:269,10,0,1
BRDA:269,10,1,3
BRDA:269,11,0,4
BRDA:269,11,1,4
BRDA:269,11,2,3
BRDA:269,11,3,3
BRDA:269,11,4,3
BRDA:269,11,5,3
BRDA:274,12,0,1
BRDA:274,12,1,2
BRDA:274,13,0,3
BRDA:274,13,1,3
BRDA:285,14,0,1
BRDA:285,14,1,1
BRF:40
BRH:40
end_of_record
TN:
SF:controllers\controllerUser.js
FN:8,(anonymous_0)
FN:30,(anonymous_1)
FN:66,(anonymous_2)
FN:82,(anonymous_3)
FN:106,(anonymous_4)
FN:142,(anonymous_5)
FNF:6
FNH:6
FNDA:6,(anonymous_0)
FNDA:3,(anonymous_1)
FNDA:1,(anonymous_2)
FNDA:2,(anonymous_3)
FNDA:5,(anonymous_4)
FNDA:4,(anonymous_5)
DA:1,6
DA:2,6
DA:3,6
DA:9,6
DA:10,6
DA:12,6
DA:13,6
DA:15,1
DA:20,1
DA:22,1
DA:26,5
DA:31,3
DA:32,3
DA:34,3
DA:40,3
DA:41,1
DA:44,2
DA:46,2
DA:47,1
DA:50,1
DA:54,1
DA:56,1
DA:60,2
DA:68,1
DA:70,1
DA:74,1
DA:77,0
DA:84,2
DA:86,2
DA:88,2
DA:93,2
DA:94,1
DA:96,1
DA:100,1
DA:108,5
DA:110,5
DA:111,5
DA:113,5
DA:117,5
DA:118,1
DA:121,4
DA:123,1
DA:126,3
DA:128,1
DA:131,2
DA:133,1
DA:136,1
DA:138,4
DA:145,4
DA:147,4
DA:149,4
DA:153,4
DA:154,1
DA:159,3
DA:160,1
DA:161,1
DA:168,3
DA:170,1
DA:171,1
DA:178,3
DA:180,1
DA:181,1
DA:189,3
DA:193,1
DA:198,6
LF:65
LH:64
BRDA:40,0,0,1
BRDA:40,0,1,2
BRDA:46,1,0,1
BRDA:46,1,1,1
BRDA:93,2,0,1
BRDA:93,2,1,1
BRDA:117,3,0,1
BRDA:117,3,1,4
BRDA:121,4,0,1
BRDA:121,4,1,3
BRDA:121,5,0,4
BRDA:121,5,1,2
BRDA:126,6,0,1
BRDA:126,6,1,2
BRDA:126,7,0,3
BRDA:126,7,1,1
BRDA:131,8,0,1
BRDA:131,8,1,1
BRDA:131,9,0,2
BRDA:131,9,1,1
BRDA:153,10,0,1
BRDA:153,10,1,3
BRDA:159,11,0,1
BRDA:159,11,1,2
BRDA:168,12,0,1
BRDA:168,12,1,2
BRDA:178,13,0,1
BRDA:178,13,1,2
BRF:28
BRH:28
end_of_record
TN:
SF:helpers\bcrypt.js
FN:3,(anonymous_0)
FN:7,(anonymous_1)
FNF:2
FNH:2
FNDA:20,(anonymous_0)
FNDA:4,(anonymous_1)
DA:1,6
DA:3,6
DA:4,20
DA:7,6
DA:8,4
DA:11,6
LF:6
LH:6
BRF:0
BRH:0
end_of_record
TN:
SF:helpers\jwt.js
FN:4,(anonymous_0)
FN:8,(anonymous_1)
FNF:2
FNH:2
FNDA:9,(anonymous_0)
FNDA:44,(anonymous_1)
DA:1,6
DA:2,6
DA:4,6
DA:5,9
DA:8,6
DA:9,44
DA:12,6
LF:7
LH:7
BRF:0
BRH:0
end_of_record
TN:
SF:middlewares\authentication.js
FN:4,(anonymous_0)
FNF:1
FNH:1
FNDA:55,(anonymous_0)
DA:1,6
DA:2,6
DA:4,6
DA:6,55
DA:8,55
DA:9,55
DA:11,55
DA:12,11
DA:15,44
DA:17,34
DA:19,34
DA:20,1
DA:24,33
DA:32,33
DA:35,22
DA:40,6
LF:16
LH:16
BRDA:11,0,0,11
BRDA:11,0,1,44
BRDA:19,1,0,1
BRDA:19,1,1,33
BRF:4
BRH:4
end_of_record
TN:
SF:middlewares\errorHandler.js
FN:1,(anonymous_0)
FNF:1
FNH:1
FNDA:54,(anonymous_0)
DA:1,6
DA:3,54
DA:4,54
DA:6,54
DA:7,22
DA:8,22
DA:9,32
DA:10,12
DA:11,12
DA:12,20
DA:13,4
DA:14,4
DA:15,16
DA:16,4
DA:17,4
DA:18,12
DA:19,3
DA:20,3
DA:21,9
DA:22,3
DA:23,3
DA:24,6
DA:25,3
DA:26,3
DA:27,3
DA:28,3
DA:29,3
DA:31,54
DA:32,54
DA:33,54
DA:36,6
LF:31
LH:31
BRDA:6,0,0,22
BRDA:6,0,1,32
BRDA:6,1,0,54
BRDA:6,1,1,42
BRDA:9,2,0,12
BRDA:9,2,1,20
BRDA:9,3,0,32
BRDA:9,3,1,22
BRDA:12,4,0,4
BRDA:12,4,1,16
BRDA:15,5,0,4
BRDA:15,5,1,12
BRDA:18,6,0,3
BRDA:18,6,1,9
BRDA:21,7,0,3
BRDA:21,7,1,6
BRDA:21,8,0,9
BRDA:21,8,1,7
BRDA:24,9,0,3
BRDA:24,9,1,3
BRDA:27,10,0,3
BRDA:27,10,1,0
BRF:22
BRH:21
end_of_record
TN:
SF:models\category.js
FN:5,(anonymous_0)
FN:12,(anonymous_1)
FNF:2
FNH:2
FNDA:6,(anonymous_0)
FNDA:6,(anonymous_1)
DA:4,6
DA:5,6
DA:13,6
DA:18,6
DA:35,6
LF:5
LH:5
BRF:0
BRH:0
end_of_record
TN:
SF:models\game.js
FN:5,(anonymous_0)
FN:12,(anonymous_1)
FNF:2
FNH:2
FNDA:6,(anonymous_0)
FNDA:6,(anonymous_1)
DA:4,6
DA:5,6
DA:13,6
DA:18,6
DA:43,6
LF:5
LH:5
BRF:0
BRH:0
end_of_record
TN:
SF:models\index.js
FN:21,(anonymous_0)
FN:29,(anonymous_1)
FN:34,(anonymous_2)
FNF:3
FNH:3
FNDA:24,(anonymous_0)
FNDA:18,(anonymous_1)
FNDA:18,(anonymous_2)
DA:3,6
DA:4,6
DA:5,6
DA:6,6
DA:7,6
DA:8,6
DA:9,6
DA:10,6
DA:13,6
DA:14,0
DA:16,6
DA:19,6
DA:22,24
DA:30,18
DA:31,18
DA:34,6
DA:35,18
DA:36,18
DA:40,6
DA:41,6
DA:43,6
LF:21
LH:20
BRDA:8,0,0,6
BRDA:8,0,1,0
BRDA:13,1,0,0
BRDA:13,1,1,6
BRDA:23,2,0,24
BRDA:23,2,1,24
BRDA:23,2,2,18
BRDA:23,2,3,18
BRDA:35,3,0,18
BRDA:35,3,1,0
BRF:10
BRH:7
end_of_record
TN:
SF:models\user.js
FN:6,(anonymous_0)
FN:13,(anonymous_1)
FN:94,(anonymous_2)
FNF:3
FNH:3
FNDA:6,(anonymous_0)
FNDA:6,(anonymous_1)
FNDA:10,(anonymous_2)
DA:4,6
DA:5,6
DA:6,6
DA:17,6
DA:94,6
DA:95,10
DA:97,6
LF:7
LH:7
BRF:0
BRH:0
end_of_record
TN:
SF:routes\router.js
FNF:0
FNH:0
DA:1,6
DA:2,6
DA:3,6
DA:4,6
DA:5,6
DA:7,6
DA:8,6
DA:9,6
DA:10,6
DA:12,6
LF:10
LH:10
BRF:0
BRH:0
end_of_record
TN:
SF:routes\routerCategoryAdmin.js
FNF:0
FNH:0
DA:1,6
DA:2,6
DA:3,6
DA:5,6
DA:7,6
DA:8,6
DA:9,6
DA:10,6
DA:13,6
LF:9
LH:9
BRF:0
BRH:0
end_of_record
TN:
SF:routes\routerCategoryUser.js
FNF:0
FNH:0
DA:1,6
DA:2,6
DA:3,6
DA:5,6
DA:7,6
DA:10,6
LF:6
LH:6
BRF:0
BRH:0
end_of_record
TN:
SF:routes\routerGameAdmin.js
FNF:0
FNH:0
DA:1,6
DA:2,6
DA:3,6
DA:6,6
DA:7,6
DA:9,6
DA:11,6
DA:12,6
DA:13,6
DA:14,6
DA:16,6
DA:17,6
DA:18,6
DA:19,6
DA:22,6
LF:15
LH:15
BRF:0
BRH:0
end_of_record
TN:
SF:routes\routerGameUser.js
FNF:0
FNH:0
DA:1,6
DA:2,6
DA:3,6
DA:5,6
DA:6,6
DA:8,6
DA:10,6
DA:11,6
DA:12,6
DA:14,6
LF:10
LH:10
BRF:0
BRH:0
end_of_record
